<?xml version="1.0" encoding="UTF-8"?>
<testsuite name="gov.cdc.ncezid.cloud.storage.TestStreamRead" tests="1" skipped="0" failures="0" errors="0" timestamp="2021-04-23T14:31:01" hostname="dream.lan" time="593.789">
  <properties/>
  <testcase name="testReadCloudFileInChunks()" classname="gov.cdc.ncezid.cloud.storage.TestStreamRead" time="593.789"/>
  <system-out><![CDATA[10:31:00.299 [Test worker] DEBUG io.micronaut.context.env.DefaultEnvironment - Environment deduction is using the default of: true
10:31:00.326 [Test worker] INFO io.micronaut.context.env.DefaultEnvironment - Established active environments: [test]
10:31:00.334 [Test worker] DEBUG io.micronaut.context.env.DefaultEnvironment - Starting environment io.micronaut.context.DefaultApplicationContext$RuntimeConfiguredEnvironment@46f10190 for active names [test]
10:31:00.367 [Test worker] DEBUG io.micronaut.context.env.DefaultEnvironment - Reading property sources from loader: io.micronaut.jackson.env.JsonPropertySourceLoader@20ded184
10:31:00.369 [Test worker] DEBUG io.micronaut.context.env.AbstractPropertySourceLoader - No PropertySource found for file name: application.json
10:31:00.372 [Test worker] DEBUG io.micronaut.context.env.AbstractPropertySourceLoader - No PropertySource found for file name: application-test.json
10:31:00.372 [Test worker] DEBUG io.micronaut.context.env.DefaultEnvironment - Reading property sources from loader: io.micronaut.jackson.env.EnvJsonPropertySourceLoader@1d55f9b1
10:31:00.373 [Test worker] DEBUG io.micronaut.context.env.AbstractPropertySourceLoader - No PropertySource found for file name: application.json
10:31:00.373 [Test worker] DEBUG io.micronaut.context.env.AbstractPropertySourceLoader - No PropertySource found for file name: application-test.json
10:31:00.373 [Test worker] DEBUG io.micronaut.context.env.DefaultEnvironment - Reading property sources from loader: io.micronaut.jackson.env.CloudFoundryVcapApplicationPropertySourceLoader@35fbade8
10:31:00.373 [Test worker] DEBUG io.micronaut.context.env.AbstractPropertySourceLoader - No PropertySource found for file name: application.VCAP_APPLICATION
10:31:00.374 [Test worker] DEBUG io.micronaut.context.env.AbstractPropertySourceLoader - No PropertySource found for file name: application-test.VCAP_APPLICATION
10:31:00.374 [Test worker] DEBUG io.micronaut.context.env.DefaultEnvironment - Reading property sources from loader: io.micronaut.jackson.env.CloudFoundryVcapServicesPropertySourceLoader@34cd318f
10:31:00.374 [Test worker] DEBUG io.micronaut.context.env.AbstractPropertySourceLoader - No PropertySource found for file name: application.VCAP_SERVICES
10:31:00.374 [Test worker] DEBUG io.micronaut.context.env.AbstractPropertySourceLoader - No PropertySource found for file name: application-test.VCAP_SERVICES
10:31:00.374 [Test worker] DEBUG io.micronaut.context.env.DefaultEnvironment - Reading property sources from loader: io.micronaut.context.env.yaml.YamlPropertySourceLoader@1df7315c
10:31:00.379 [Test worker] DEBUG io.micronaut.context.env.AbstractPropertySourceLoader - Found PropertySource for file name: application.yml
10:31:00.485 [Test worker] DEBUG io.micronaut.context.env.AbstractPropertySourceLoader - No PropertySource found for file name: application-test.yml
10:31:00.486 [Test worker] DEBUG io.micronaut.context.env.AbstractPropertySourceLoader - No PropertySource found for file name: application-test.yaml
10:31:00.486 [Test worker] DEBUG io.micronaut.context.env.DefaultEnvironment - Reading property sources from loader: io.micronaut.context.env.PropertiesPropertySourceLoader@6e9574d5
10:31:00.486 [Test worker] DEBUG io.micronaut.context.env.AbstractPropertySourceLoader - No PropertySource found for file name: application.properties
10:31:00.487 [Test worker] DEBUG io.micronaut.context.env.AbstractPropertySourceLoader - No PropertySource found for file name: application-test.properties
10:31:00.490 [Test worker] DEBUG io.micronaut.context.env.DefaultEnvironment - Processing property source: application
10:31:00.492 [Test worker] DEBUG io.micronaut.context.env.DefaultEnvironment - Processing property source: env
10:31:00.508 [Test worker] DEBUG io.micronaut.context.env.DefaultEnvironment - Processing property source: system
10:31:00.512 [Test worker] DEBUG io.micronaut.context.env.DefaultEnvironment - Processing property source: test-properties
10:31:00.514 [Test worker] DEBUG io.micronaut.context.DefaultBeanContext - Finding candidate beans for type: interface io.micronaut.context.env.Environment
10:31:00.514 [Test worker] DEBUG io.micronaut.context.DefaultBeanContext - No bean candidates found for type: interface io.micronaut.context.env.Environment
10:31:00.525 [Test worker] DEBUG io.micronaut.context.DefaultBeanContext - Starting BeanContext
10:31:00.907 [Test worker] DEBUG io.micronaut.context.condition.Condition - Configuration: io.micronaut.aws.sdk.v2.client.urlConnection will not be loaded due to failing conditions:
10:31:00.907 [Test worker] DEBUG io.micronaut.context.condition.Condition - * Class [software.amazon.awssdk.http.urlconnection.UrlConnectionHttpClient] is not present
10:31:00.914 [Test worker] DEBUG io.micronaut.context.condition.Condition - Configuration: io.micronaut.configuration.metrics.micrometer.logging will not be loaded due to failing conditions:
10:31:00.914 [Test worker] DEBUG io.micronaut.context.condition.Condition - * Property [micronaut.metrics.export.logging.enabled] with value [false] does not equal required value: true
10:31:00.914 [Test worker] DEBUG io.micronaut.context.condition.Condition - Configuration: io.micronaut.aws.sdk.v2.service.ses will not be loaded due to failing conditions:
10:31:00.915 [Test worker] DEBUG io.micronaut.context.condition.Condition - * Class [software.amazon.awssdk.services.ses.SesClient] is not present
10:31:00.915 [Test worker] DEBUG io.micronaut.context.condition.Condition - Configuration: io.micronaut.aws.sdk.v2.service.dynamodb will not be loaded due to failing conditions:
10:31:00.915 [Test worker] DEBUG io.micronaut.context.condition.Condition - * Class [software.amazon.awssdk.services.dynamodb.DynamoDbClient] is not present
10:31:00.915 [Test worker] DEBUG io.micronaut.context.condition.Condition - Configuration: io.micronaut.aws.sdk.v2.service.sns will not be loaded due to failing conditions:
10:31:00.915 [Test worker] DEBUG io.micronaut.context.condition.Condition - * Class [software.amazon.awssdk.services.sns.SnsClient] is not present
10:31:00.924 [Test worker] DEBUG io.micronaut.context.DefaultBeanContext - Finding candidate beans for type: interface io.micronaut.context.event.BeanCreatedEventListener
10:31:00.938 [Test worker] DEBUG io.micronaut.context.DefaultBeanContext - Finding candidate beans for type: class io.micrometer.core.instrument.MeterRegistry
10:31:00.945 [Test worker] DEBUG io.micronaut.context.DefaultBeanContext - Resolved bean candidates [Definition: io.micronaut.configuration.metrics.micrometer.MeterRegistryFactory] for type: class io.micrometer.core.instrument.MeterRegistry
10:31:00.946 [Test worker] DEBUG io.micronaut.context.DefaultBeanContext - Finalized bean definitions candidates: [Definition: io.micronaut.configuration.metrics.micrometer.MeterRegistryFactory]
10:31:00.947 [Test worker] DEBUG io.micronaut.context.condition.Condition - Bean [io.micronaut.configuration.metrics.binder.cache.$JCacheMetricsBinderDefinition] will not be loaded due to failing conditions:
10:31:00.947 [Test worker] DEBUG io.micronaut.context.condition.Condition - * Class [javax.cache.CacheManager] is not present
10:31:00.947 [Test worker] DEBUG io.micronaut.context.condition.Condition - Bean [io.micronaut.configuration.metrics.binder.netty.$NettyMetricsPipelineBinderDefinition] will not be loaded due to failing conditions:
10:31:00.947 [Test worker] DEBUG io.micronaut.context.condition.Condition - * Property [micronaut.metrics.binders.netty.channels.enabled] with value [false] should not equal: false
10:31:00.947 [Test worker] DEBUG io.micronaut.context.condition.Condition - Bean [io.micronaut.configuration.metrics.binder.cache.$MicronautCaffeineCacheMetricsBinderDefinition] will not be loaded due to failing conditions:
10:31:00.947 [Test worker] DEBUG io.micronaut.context.condition.Condition - * Class [io.micronaut.cache.Cache] is not present
10:31:00.948 [Test worker] DEBUG io.micronaut.context.condition.Condition - Bean [io.micronaut.web.router.version.$VersionAwareRouterListenerDefinition] will not be loaded due to failing conditions:
10:31:00.948 [Test worker] DEBUG io.micronaut.context.condition.Condition - * Required property [micronaut.router.versioning.enabled] with value [true] not present
10:31:00.948 [Test worker] DEBUG io.micronaut.context.DefaultBeanContext - Resolved bean candidates [Definition: io.micronaut.configuration.metrics.binder.executor.ExecutorServiceMetricsBinder, Definition: io.micronaut.scheduling.instrument.ExecutorServiceInstrumenter] for type: interface io.micronaut.context.event.BeanCreatedEventListener
10:31:00.948 [Test worker] DEBUG io.micronaut.context.DefaultBeanContext - Finalized bean definitions candidates: [Definition: io.micronaut.configuration.metrics.binder.executor.ExecutorServiceMetricsBinder, Definition: io.micronaut.scheduling.instrument.ExecutorServiceInstrumenter]
10:31:00.959 [Test worker] DEBUG io.micronaut.context.DefaultBeanContext - Finding candidate beans for type: class io.micrometer.core.instrument.MeterRegistry
10:31:00.959 [Test worker] DEBUG io.micronaut.context.DefaultBeanContext - Resolved bean candidates [Definition: io.micronaut.configuration.metrics.micrometer.MeterRegistryFactory] for type: class io.micrometer.core.instrument.MeterRegistry
10:31:00.960 [Test worker] DEBUG io.micronaut.context.DefaultBeanContext - Finalized bean definitions candidates: [Definition: io.micronaut.configuration.metrics.micrometer.MeterRegistryFactory]
10:31:00.960 [Test worker] DEBUG io.micronaut.context.DefaultBeanContext - Found concrete candidate [Definition: io.micronaut.configuration.metrics.micrometer.MeterRegistryFactory] for type: io.micrometer.core.instrument.MeterRegistry 
10:31:00.961 [Test worker] DEBUG io.micronaut.context.lifecycle - Created bean [io.micronaut.configuration.metrics.binder.executor.ExecutorServiceMetricsBinder@1a20b614] from definition [Definition: io.micronaut.configuration.metrics.binder.executor.ExecutorServiceMetricsBinder] with qualifier [null]
10:31:00.961 [Test worker] DEBUG io.micronaut.context.DefaultBeanContext - Registering singleton bean io.micronaut.configuration.metrics.binder.executor.ExecutorServiceMetricsBinder@1a20b614 for type [io.micronaut.configuration.metrics.binder.executor.ExecutorServiceMetricsBinder] using bean key io.micronaut.configuration.metrics.binder.executor.ExecutorServiceMetricsBinder
10:31:00.962 [Test worker] DEBUG io.micronaut.context.DefaultBeanContext - Resolving beans for type: io.micronaut.scheduling.instrument.InvocationInstrumenterFactory
10:31:00.962 [Test worker] DEBUG io.micronaut.context.DefaultBeanContext - Finding candidate beans for type: interface io.micronaut.scheduling.instrument.InvocationInstrumenterFactory
10:31:00.963 [Test worker] DEBUG io.micronaut.context.DefaultBeanContext - Resolved bean candidates [] for type: interface io.micronaut.scheduling.instrument.InvocationInstrumenterFactory
10:31:00.963 [Test worker] DEBUG io.micronaut.context.DefaultBeanContext - Found no possible candidate beans of type [io.micronaut.scheduling.instrument.InvocationInstrumenterFactory] for qualifier: null 
10:31:00.963 [Test worker] DEBUG io.micronaut.context.lifecycle - Created bean [io.micronaut.scheduling.instrument.ExecutorServiceInstrumenter@51edad1] from definition [Definition: io.micronaut.scheduling.instrument.ExecutorServiceInstrumenter] with qualifier [null]
10:31:00.964 [Test worker] DEBUG io.micronaut.context.DefaultBeanContext - Registering singleton bean io.micronaut.scheduling.instrument.ExecutorServiceInstrumenter@51edad1 for type [io.micronaut.scheduling.instrument.ExecutorServiceInstrumenter] using bean key io.micronaut.scheduling.instrument.ExecutorServiceInstrumenter
10:31:00.964 [Test worker] DEBUG io.micronaut.context.DefaultBeanContext - Finding candidate beans for type: interface io.micronaut.context.event.BeanInitializedEventListener
10:31:00.964 [Test worker] DEBUG io.micronaut.context.DefaultBeanContext - No bean candidates found for type: interface io.micronaut.context.event.BeanInitializedEventListener
10:31:00.964 [Test worker] DEBUG io.micronaut.context.DefaultBeanContext - Resolving beans for type: io.micronaut.core.convert.TypeConverter
10:31:00.964 [Test worker] DEBUG io.micronaut.context.DefaultBeanContext - Finding candidate beans for type: interface io.micronaut.core.convert.TypeConverter
10:31:00.964 [Test worker] DEBUG io.micronaut.context.DefaultBeanContext - No bean candidates found for type: interface io.micronaut.core.convert.TypeConverter
10:31:00.964 [Test worker] DEBUG io.micronaut.context.DefaultBeanContext - Found no possible candidate beans of type [io.micronaut.core.convert.TypeConverter] for qualifier: null 
10:31:00.965 [Test worker] DEBUG io.micronaut.context.DefaultBeanContext - Resolving beans for type: io.micronaut.core.convert.TypeConverterRegistrar
10:31:00.965 [Test worker] DEBUG io.micronaut.context.DefaultBeanContext - Finding candidate beans for type: interface io.micronaut.core.convert.TypeConverterRegistrar
10:31:00.966 [Test worker] DEBUG io.micronaut.context.condition.Condition - Bean [io.micronaut.reactive.flow.converters.$FlowConverterRegistrarDefinition] will not be loaded due to failing conditions:
10:31:00.966 [Test worker] DEBUG io.micronaut.context.condition.Condition - * Class [kotlinx.coroutines.flow.Flow] is not present
10:31:00.968 [Test worker] DEBUG io.micronaut.context.DefaultBeanContext - Resolved bean candidates [Definition: io.micronaut.http.converters.HttpConverterRegistrar, Definition: io.micronaut.jackson.convert.JacksonConverterRegistrar, Definition: io.micronaut.reactive.rxjava2.converters.RxJavaConverterRegistrar, Definition: io.micronaut.runtime.converters.time.TimeConverterRegistrar] for type: interface io.micronaut.core.convert.TypeConverterRegistrar
10:31:00.968 [Test worker] DEBUG io.micronaut.context.DefaultBeanContext - Finalized bean definitions candidates: [Definition: io.micronaut.http.converters.HttpConverterRegistrar, Definition: io.micronaut.jackson.convert.JacksonConverterRegistrar, Definition: io.micronaut.reactive.rxjava2.converters.RxJavaConverterRegistrar, Definition: io.micronaut.runtime.converters.time.TimeConverterRegistrar]
10:31:00.969 [Test worker] DEBUG io.micronaut.context.DefaultBeanContext - Finding candidate beans for type: class io.micronaut.core.io.ResourceResolver
10:31:00.970 [Test worker] DEBUG io.micronaut.context.DefaultBeanContext - Resolved bean candidates [Definition: io.micronaut.http.resource.ResourceLoaderFactory] for type: class io.micronaut.core.io.ResourceResolver
10:31:00.970 [Test worker] DEBUG io.micronaut.context.DefaultBeanContext - Finalized bean definitions candidates: [Definition: io.micronaut.http.resource.ResourceLoaderFactory]
10:31:00.970 [Test worker] DEBUG io.micronaut.context.DefaultBeanContext - Found concrete candidate [Definition: io.micronaut.http.resource.ResourceLoaderFactory] for type: io.micronaut.core.io.ResourceResolver 
10:31:00.971 [Test worker] DEBUG io.micronaut.context.DefaultBeanContext - Finding candidate beans for type: class io.micronaut.http.resource.ResourceLoaderFactory
10:31:00.971 [Test worker] DEBUG io.micronaut.context.DefaultBeanContext - Resolved bean candidates [Definition: io.micronaut.http.resource.ResourceLoaderFactory] for type: class io.micronaut.http.resource.ResourceLoaderFactory
10:31:00.971 [Test worker] DEBUG io.micronaut.context.DefaultBeanContext - Finalized bean definitions candidates: [Definition: io.micronaut.http.resource.ResourceLoaderFactory]
10:31:00.972 [Test worker] DEBUG io.micronaut.context.DefaultBeanContext - Found concrete candidate [Definition: io.micronaut.http.resource.ResourceLoaderFactory] for type: io.micronaut.http.resource.ResourceLoaderFactory 
10:31:00.972 [Test worker] DEBUG io.micronaut.context.DefaultBeanContext - Resolved existing bean [io.micronaut.context.DefaultApplicationContext$RuntimeConfiguredEnvironment@46f10190] for type [interface io.micronaut.context.env.Environment] and qualifier [null]
10:31:00.972 [Test worker] DEBUG io.micronaut.context.lifecycle - Created bean [io.micronaut.http.resource.ResourceLoaderFactory@29b3d598] from definition [Definition: io.micronaut.http.resource.ResourceLoaderFactory] with qualifier [null]
10:31:00.972 [Test worker] DEBUG io.micronaut.context.DefaultBeanContext - Registering singleton bean io.micronaut.http.resource.ResourceLoaderFactory@29b3d598 for type [io.micronaut.http.resource.ResourceLoaderFactory] using bean key io.micronaut.http.resource.ResourceLoaderFactory
10:31:00.975 [Test worker] DEBUG io.micronaut.context.DefaultBeanContext - Resolving beans for type: io.micronaut.core.io.ResourceLoader
10:31:00.975 [Test worker] DEBUG io.micronaut.context.DefaultBeanContext - Finding candidate beans for type: interface io.micronaut.core.io.ResourceLoader
10:31:00.976 [Test worker] DEBUG io.micronaut.context.DefaultBeanContext - Resolved bean candidates [Definition: io.micronaut.http.resource.ResourceLoaderFactory, io.micronaut.context.DefaultBeanContext$NoInjectionBeanDefinition@62e6349d, Definition: io.micronaut.http.resource.ResourceLoaderFactory] for type: interface io.micronaut.core.io.ResourceLoader
10:31:00.976 [Test worker] DEBUG io.micronaut.context.DefaultBeanContext - Finalized bean definitions candidates: [Definition: io.micronaut.http.resource.ResourceLoaderFactory, io.micronaut.context.DefaultBeanContext$NoInjectionBeanDefinition@62e6349d, Definition: io.micronaut.http.resource.ResourceLoaderFactory]
10:31:00.976 [Test worker] DEBUG io.micronaut.context.DefaultBeanContext - Resolved existing bean [io.micronaut.http.resource.ResourceLoaderFactory@29b3d598] for type [class io.micronaut.http.resource.ResourceLoaderFactory] and qualifier [null]
10:31:00.977 [Test worker] DEBUG io.micronaut.context.lifecycle - Created bean [io.micronaut.core.io.scan.DefaultClassPathResourceLoader@47d32f48] from definition [Definition: io.micronaut.http.resource.ResourceLoaderFactory] with qualifier [null]
10:31:00.977 [Test worker] DEBUG io.micronaut.context.DefaultBeanContext - Registering singleton bean io.micronaut.core.io.scan.DefaultClassPathResourceLoader@47d32f48 for type [io.micronaut.core.io.ResourceLoader] using bean key io.micronaut.core.io.scan.ClassPathResourceLoader
10:31:00.977 [Test worker] DEBUG io.micronaut.context.DefaultBeanContext - Resolved existing bean [io.micronaut.http.resource.ResourceLoaderFactory@29b3d598] for type [class io.micronaut.http.resource.ResourceLoaderFactory] and qualifier [null]
10:31:00.978 [Test worker] DEBUG io.micronaut.context.lifecycle - Created bean [io.micronaut.core.io.file.DefaultFileSystemResourceLoader@605c6146] from definition [Definition: io.micronaut.http.resource.ResourceLoaderFactory] with qualifier [null]
10:31:00.978 [Test worker] DEBUG io.micronaut.context.DefaultBeanContext - Registering singleton bean io.micronaut.core.io.file.DefaultFileSystemResourceLoader@605c6146 for type [io.micronaut.core.io.ResourceLoader] using bean key io.micronaut.core.io.file.FileSystemResourceLoader
10:31:00.981 [Test worker] DEBUG io.micronaut.context.DefaultBeanContext - Found 3 beans for type [io.micronaut.core.io.ResourceLoader]: [BeanRegistration: io.micronaut.context.DefaultApplicationContext$RuntimeConfiguredEnvironment@46f10190, BeanRegistration: io.micronaut.core.io.scan.DefaultClassPathResourceLoader@47d32f48, BeanRegistration: io.micronaut.core.io.file.DefaultFileSystemResourceLoader@605c6146] 
10:31:00.981 [Test worker] DEBUG io.micronaut.context.lifecycle - Created bean [io.micronaut.core.io.ResourceResolver@4fcc929b] from definition [Definition: io.micronaut.http.resource.ResourceLoaderFactory] with qualifier [null]
10:31:00.981 [Test worker] DEBUG io.micronaut.context.DefaultBeanContext - Registering singleton bean io.micronaut.core.io.ResourceResolver@4fcc929b for type [io.micronaut.core.io.ResourceResolver] using bean key io.micronaut.core.io.ResourceResolver
10:31:00.981 [Test worker] DEBUG io.micronaut.context.lifecycle - Created bean [io.micronaut.http.converters.HttpConverterRegistrar@3221dbe0] from definition [Definition: io.micronaut.http.converters.HttpConverterRegistrar] with qualifier [null]
10:31:00.982 [Test worker] DEBUG io.micronaut.context.DefaultBeanContext - Registering singleton bean io.micronaut.http.converters.HttpConverterRegistrar@3221dbe0 for type [io.micronaut.core.convert.TypeConverterRegistrar] using bean key io.micronaut.http.converters.HttpConverterRegistrar
10:31:00.983 [Test worker] DEBUG io.micronaut.context.DefaultBeanContext - Finding candidate beans for type: class com.fasterxml.jackson.databind.ObjectMapper
10:31:00.987 [Test worker] DEBUG io.micronaut.context.DefaultBeanContext - Resolved bean candidates [Definition: io.micronaut.jackson.ObjectMapperFactory] for type: class com.fasterxml.jackson.databind.ObjectMapper
10:31:00.987 [Test worker] DEBUG io.micronaut.context.DefaultBeanContext - Finalized bean definitions candidates: [Definition: io.micronaut.jackson.ObjectMapperFactory]
10:31:00.988 [Test worker] DEBUG io.micronaut.context.DefaultBeanContext - Found concrete candidate [Definition: io.micronaut.jackson.ObjectMapperFactory] for type: com.fasterxml.jackson.databind.ObjectMapper 
10:31:00.988 [Test worker] DEBUG io.micronaut.context.DefaultBeanContext - Finding candidate beans for type: interface io.micronaut.core.bind.BeanPropertyBinder
10:31:00.990 [Test worker] DEBUG io.micronaut.context.DefaultBeanContext - Resolved bean candidates [Definition: io.micronaut.jackson.bind.JacksonBeanPropertyBinder] for type: interface io.micronaut.core.bind.BeanPropertyBinder
10:31:00.990 [Test worker] DEBUG io.micronaut.context.DefaultBeanContext - Finalized bean definitions candidates: [Definition: io.micronaut.jackson.bind.JacksonBeanPropertyBinder]
10:31:00.991 [Test worker] DEBUG io.micronaut.context.DefaultBeanContext - Found concrete candidate [Definition: io.micronaut.jackson.bind.JacksonBeanPropertyBinder] for type: io.micronaut.core.bind.BeanPropertyBinder 
10:31:00.991 [Test worker] DEBUG io.micronaut.context.DefaultBeanContext - Finding candidate beans for type: interface io.micronaut.core.convert.ConversionService
10:31:00.991 [Test worker] DEBUG io.micronaut.context.DefaultBeanContext - Resolved bean candidates [io.micronaut.context.DefaultBeanContext$NoInjectionBeanDefinition@62e6349d] for type: interface io.micronaut.core.convert.ConversionService
10:31:00.991 [Test worker] DEBUG io.micronaut.context.DefaultBeanContext - Finalized bean definitions candidates: [io.micronaut.context.DefaultBeanContext$NoInjectionBeanDefinition@62e6349d]
10:31:00.991 [Test worker] DEBUG io.micronaut.context.DefaultBeanContext - Found concrete candidate [io.micronaut.context.DefaultBeanContext$NoInjectionBeanDefinition@62e6349d] for type: io.micronaut.core.convert.ConversionService 
10:31:00.994 [Test worker] DEBUG io.micronaut.context.DefaultBeanContext - Registering singleton bean io.micronaut.context.DefaultApplicationContext$RuntimeConfiguredEnvironment@46f10190 for type [io.micronaut.context.DefaultApplicationContext$RuntimeConfiguredEnvironment] using bean key io.micronaut.context.DefaultApplicationContext$RuntimeConfiguredEnvironment
10:31:00.994 [Test worker] DEBUG io.micronaut.context.DefaultBeanContext - Resolved existing bean [io.micronaut.context.DefaultApplicationContext$RuntimeConfiguredEnvironment@46f10190] for type [interface io.micronaut.core.convert.ConversionService] and qualifier [null]
10:31:00.994 [Test worker] DEBUG io.micronaut.context.lifecycle - Created bean [io.micronaut.jackson.convert.JacksonConverterRegistrar@5095ba91] from definition [Definition: io.micronaut.jackson.convert.JacksonConverterRegistrar] with qualifier [null]
10:31:00.994 [Test worker] DEBUG io.micronaut.context.DefaultBeanContext - Registering singleton bean io.micronaut.jackson.convert.JacksonConverterRegistrar@5095ba91 for type [io.micronaut.core.convert.TypeConverterRegistrar] using bean key io.micronaut.jackson.convert.JacksonConverterRegistrar
10:31:00.994 [Test worker] DEBUG io.micronaut.context.lifecycle - Created bean [io.micronaut.reactive.rxjava2.converters.RxJavaConverterRegistrar@79d38d10] from definition [Definition: io.micronaut.reactive.rxjava2.converters.RxJavaConverterRegistrar] with qualifier [null]
10:31:00.995 [Test worker] DEBUG io.micronaut.context.DefaultBeanContext - Registering singleton bean io.micronaut.reactive.rxjava2.converters.RxJavaConverterRegistrar@79d38d10 for type [io.micronaut.core.convert.TypeConverterRegistrar] using bean key io.micronaut.reactive.rxjava2.converters.RxJavaConverterRegistrar
10:31:00.995 [Test worker] DEBUG io.micronaut.context.lifecycle - Created bean [io.micronaut.runtime.converters.time.TimeConverterRegistrar@12885408] from definition [Definition: io.micronaut.runtime.converters.time.TimeConverterRegistrar] with qualifier [null]
10:31:00.995 [Test worker] DEBUG io.micronaut.context.DefaultBeanContext - Registering singleton bean io.micronaut.runtime.converters.time.TimeConverterRegistrar@12885408 for type [io.micronaut.core.convert.TypeConverterRegistrar] using bean key io.micronaut.runtime.converters.time.TimeConverterRegistrar
10:31:00.996 [Test worker] DEBUG io.micronaut.context.DefaultBeanContext - Found 4 beans for type [io.micronaut.core.convert.TypeConverterRegistrar]: [BeanRegistration: io.micronaut.reactive.rxjava2.converters.RxJavaConverterRegistrar@79d38d10, BeanRegistration: io.micronaut.http.converters.HttpConverterRegistrar@3221dbe0, BeanRegistration: io.micronaut.runtime.converters.time.TimeConverterRegistrar@12885408, BeanRegistration: io.micronaut.jackson.convert.JacksonConverterRegistrar@5095ba91] 
10:31:01.246 [Test worker] DEBUG io.micronaut.context.condition.Condition - Bean [io.micronaut.configuration.metrics.binder.netty.$ByteBufAllocatorMetricsBinderDefinition] will not be loaded due to failing conditions:
10:31:01.247 [Test worker] DEBUG io.micronaut.context.condition.Condition - * Property [micronaut.metrics.binders.netty.bytebuf-allocators.enabled] with value [false] should not equal: false
10:31:01.248 [Test worker] DEBUG io.micronaut.context.condition.Condition - Bean [io.micronaut.logging.$PropertiesLoggingLevelsConfigurerDefinition] will not be loaded due to failing conditions:
10:31:01.248 [Test worker] DEBUG io.micronaut.context.condition.Condition - * Required property [logger.levels] with value [null] not present
10:31:01.249 [Test worker] DEBUG io.micronaut.context.DefaultBeanContext - Resolving beans for type: io.micronaut.scheduling.instrument.ReactiveInvocationInstrumenterFactory
10:31:01.249 [Test worker] DEBUG io.micronaut.context.DefaultBeanContext - Finding candidate beans for type: interface io.micronaut.scheduling.instrument.ReactiveInvocationInstrumenterFactory
10:31:01.250 [Test worker] DEBUG io.micronaut.context.DefaultBeanContext - Resolved bean candidates [] for type: interface io.micronaut.scheduling.instrument.ReactiveInvocationInstrumenterFactory
10:31:01.250 [Test worker] DEBUG io.micronaut.context.DefaultBeanContext - Found no possible candidate beans of type [io.micronaut.scheduling.instrument.ReactiveInvocationInstrumenterFactory] for qualifier: null 
10:31:01.250 [Test worker] DEBUG io.micronaut.context.lifecycle - Created bean [io.micronaut.reactive.rxjava2.RxInstrumenterFactory@5cc7373b] from definition [Definition: io.micronaut.reactive.rxjava2.RxInstrumenterFactory] with qualifier [null]
10:31:01.250 [Test worker] DEBUG io.micronaut.context.DefaultBeanContext - Registering singleton bean io.micronaut.reactive.rxjava2.RxInstrumenterFactory@5cc7373b for type [io.micronaut.reactive.rxjava2.RxInstrumenterFactory] using bean key io.micronaut.reactive.rxjava2.RxInstrumenterFactory
10:31:01.251 [Test worker] DEBUG io.micronaut.context.DefaultBeanContext - Resolved existing bean [io.micronaut.reactive.rxjava2.RxInstrumenterFactory@5cc7373b] for type [class io.micronaut.reactive.rxjava2.RxInstrumenterFactory] and qualifier [null]
10:31:01.251 [Test worker] DEBUG io.micronaut.context.lifecycle - Created bean [io.micronaut.reactive.rxjava2.RxJava2Instrumentation@2b87bbc6] from definition [Definition: io.micronaut.reactive.rxjava2.RxJava2Instrumentation] with qualifier [null]
10:31:01.251 [Test worker] DEBUG io.micronaut.context.DefaultBeanContext - Registering singleton bean io.micronaut.reactive.rxjava2.RxJava2Instrumentation@2b87bbc6 for type [io.micronaut.reactive.rxjava2.RxJava2Instrumentation] using bean key io.micronaut.reactive.rxjava2.RxJava2Instrumentation
10:31:01.260 [Test worker] DEBUG io.micronaut.context.DefaultBeanContext - Finding candidate beans for type: interface io.micronaut.runtime.server.EmbeddedServer
10:31:01.261 [Test worker] DEBUG io.micronaut.context.condition.Condition - Bean [io.micronaut.test.support.server.$TestExecutableEmbeddedServerDefinition] will not be loaded due to failing conditions:
10:31:01.261 [Test worker] DEBUG io.micronaut.context.condition.Condition - * Required property [micronaut.test.server.executable] with value [null] not present
10:31:01.261 [Test worker] DEBUG io.micronaut.context.condition.Condition - Bean [io.micronaut.test.support.server.$TestEmbeddedServerDefinition] will not be loaded due to failing conditions:
10:31:01.261 [Test worker] DEBUG io.micronaut.context.condition.Condition - * Required property [micronaut.test.server.url] with value [null] not present
10:31:01.262 [Test worker] DEBUG io.micronaut.context.DefaultBeanContext - Resolved bean candidates [] for type: interface io.micronaut.runtime.server.EmbeddedServer
10:31:01.262 [Test worker] DEBUG io.micronaut.context.condition.Condition - Bean [Definition: io.micronaut.management.health.monitor.HealthMonitorTask] will not be loaded due to failing conditions:
10:31:01.262 [Test worker] DEBUG io.micronaut.context.condition.Condition - * No bean of type [interface io.micronaut.runtime.server.EmbeddedServer] present within context
10:31:01.294 [Test worker] DEBUG io.micronaut.core.beans.DefaultBeanIntrospector - Found BeanIntrospection for type: class io.micronaut.health.HeartbeatDiscoveryClientCondition
10:31:01.297 [Test worker] DEBUG io.micronaut.context.DefaultBeanContext - Finding candidate beans for type: class io.micronaut.discovery.CompositeDiscoveryClient
10:31:01.299 [Test worker] DEBUG io.micronaut.context.DefaultBeanContext - Resolved bean candidates [Definition: io.micronaut.discovery.DefaultCompositeDiscoveryClient] for type: class io.micronaut.discovery.CompositeDiscoveryClient
10:31:01.299 [Test worker] DEBUG io.micronaut.context.DefaultBeanContext - Finalized bean definitions candidates: [Definition: io.micronaut.discovery.DefaultCompositeDiscoveryClient]
10:31:01.299 [Test worker] DEBUG io.micronaut.context.DefaultBeanContext - Found concrete candidate [Definition: io.micronaut.discovery.DefaultCompositeDiscoveryClient] for type: io.micronaut.discovery.CompositeDiscoveryClient 
10:31:01.299 [Test worker] DEBUG io.micronaut.context.DefaultBeanContext - Resolving beans for type: io.micronaut.discovery.DiscoveryClient
10:31:01.300 [Test worker] DEBUG io.micronaut.context.DefaultBeanContext - Finding candidate beans for type: interface io.micronaut.discovery.DiscoveryClient
10:31:01.300 [Test worker] DEBUG io.micronaut.context.DefaultBeanContext - Resolved bean candidates [Definition: io.micronaut.discovery.DefaultCompositeDiscoveryClient] for type: interface io.micronaut.discovery.DiscoveryClient
10:31:01.300 [Test worker] DEBUG io.micronaut.context.DefaultBeanContext - Finalized bean definitions candidates: [Definition: io.micronaut.discovery.DefaultCompositeDiscoveryClient]
10:31:01.301 [Test worker] DEBUG io.micronaut.context.lifecycle - Created bean [compositeDiscoveryClient()] from definition [Definition: io.micronaut.discovery.DefaultCompositeDiscoveryClient] with qualifier [null]
10:31:01.301 [Test worker] DEBUG io.micronaut.context.DefaultBeanContext - Registering singleton bean compositeDiscoveryClient() for type [io.micronaut.discovery.CompositeDiscoveryClient] using bean key io.micronaut.discovery.DefaultCompositeDiscoveryClient
10:31:01.302 [Test worker] DEBUG io.micronaut.context.condition.Condition - Bean [Definition: io.micronaut.health.HeartbeatTask] will not be loaded due to failing conditions:
10:31:01.302 [Test worker] DEBUG io.micronaut.context.condition.Condition - * Heartbeat not enabled since no Discovery client active
10:31:01.302 [Test worker] DEBUG io.micronaut.context.condition.Condition - * Custom condition [class io.micronaut.health.HeartbeatDiscoveryClientCondition] failed evaluation
10:31:01.302 [Test worker] DEBUG io.micronaut.context.condition.Condition - Bean [io.micronaut.scheduling.io.watch.$DefaultWatchThreadDefinition] will not be loaded due to failing conditions:
10:31:01.302 [Test worker] DEBUG io.micronaut.context.condition.Condition - * Required property [micronaut.io.watch.paths] with value [null] not present
10:31:01.303 [Test worker] DEBUG io.micronaut.context.condition.Condition - Configuration: io.micronaut.aws.sdk.v2.client.urlConnection will not be loaded due to failing conditions:
10:31:01.303 [ForkJoinPool.commonPool-worker-5] DEBUG io.micronaut.context.condition.Condition - Bean [gov.cdc.ncezid.cloud.storage.azure.$BlobProxyDefinition] will not be loaded due to failing conditions:
10:31:01.304 [Test worker] DEBUG io.micronaut.context.condition.Condition - * Class [software.amazon.awssdk.http.urlconnection.UrlConnectionHttpClient] is not present
10:31:01.304 [ForkJoinPool.commonPool-worker-5] DEBUG io.micronaut.context.condition.Condition - * Required property [azure.blob] with value [null] not present
10:31:01.304 [Test worker] DEBUG io.micronaut.context.condition.Condition - Configuration: io.micronaut.configuration.metrics.micrometer.logging will not be loaded due to failing conditions:
10:31:01.304 [Test worker] DEBUG io.micronaut.context.condition.Condition - * Property [micronaut.metrics.export.logging.enabled] with value [false] does not equal required value: true
10:31:01.304 [ForkJoinPool.commonPool-worker-5] DEBUG io.micronaut.context.condition.Condition - Bean [gov.cdc.ncezid.cloud.messaging.aws.$SQSHealthDefinition] will not be loaded due to failing conditions:
10:31:01.304 [Test worker] DEBUG io.micronaut.context.condition.Condition - Configuration: io.micronaut.aws.sdk.v2.service.ses will not be loaded due to failing conditions:
10:31:01.304 [ForkJoinPool.commonPool-worker-5] DEBUG io.micronaut.context.condition.Condition - * Property [aws.sqs.health.enabled] with value [false] does not equal required value: true
10:31:01.304 [Test worker] DEBUG io.micronaut.context.condition.Condition - * Class [software.amazon.awssdk.services.ses.SesClient] is not present
10:31:01.304 [ForkJoinPool.commonPool-worker-5] DEBUG io.micronaut.context.condition.Condition - Bean [gov.cdc.ncezid.cloud.storage.aws.$S3HealthDefinition] will not be loaded due to failing conditions:
10:31:01.305 [Test worker] DEBUG io.micronaut.context.condition.Condition - Configuration: io.micronaut.aws.sdk.v2.service.dynamodb will not be loaded due to failing conditions:
10:31:01.305 [ForkJoinPool.commonPool-worker-5] DEBUG io.micronaut.context.condition.Condition - * Property [aws.s3.health.enabled] with value [false] does not equal required value: true
10:31:01.305 [Test worker] DEBUG io.micronaut.context.condition.Condition - * Class [software.amazon.awssdk.services.dynamodb.DynamoDbClient] is not present
10:31:01.305 [ForkJoinPool.commonPool-worker-5] DEBUG io.micronaut.context.condition.Condition - Bean [gov.cdc.ncezid.cloud.messaging.aws.$SQSProxyDefinition] will not be loaded due to failing conditions:
10:31:01.305 [Test worker] DEBUG io.micronaut.context.condition.Condition - Configuration: io.micronaut.aws.sdk.v2.service.sns will not be loaded due to failing conditions:
10:31:01.305 [ForkJoinPool.commonPool-worker-5] DEBUG io.micronaut.context.condition.Condition - * Required property [aws.sqs] with value [null] not present
10:31:01.305 [Test worker] DEBUG io.micronaut.context.condition.Condition - * Class [software.amazon.awssdk.services.sns.SnsClient] is not present
10:31:01.305 [ForkJoinPool.commonPool-worker-5] DEBUG io.micronaut.context.condition.Condition - Bean [gov.cdc.ncezid.cloud.storage.azure.$BlobHealthDefinition] will not be loaded due to failing conditions:
10:31:01.305 [ForkJoinPool.commonPool-worker-5] DEBUG io.micronaut.context.condition.Condition - * Property [azure.blob.health.enabled] with value [false] does not equal required value: true
10:31:01.305 [Test worker] DEBUG io.micronaut.context.DefaultBeanContext - Loaded active configurations: io.micronaut.jackson,io.micronaut.aws.sdk.v2.service.sqs,io.micronaut.management.endpoint,io.micronaut.configuration.metrics.micrometer,io.micronaut.aws.sdk.v2.service.s3,io.micronaut.aws.sdk.v2.client.apache,io.micronaut.aws.sdk.v2.client.netty
10:31:01.305 [Test worker] DEBUG io.micronaut.context.DefaultBeanContext - BeanContext Started.
10:31:01.306 [ForkJoinPool.commonPool-worker-5] DEBUG io.micronaut.context.condition.Condition - Bean [io.micronaut.configuration.metrics.binder.cache.$JCacheMetricsBinderDefinition] will not be loaded due to failing conditions:
10:31:01.306 [ForkJoinPool.commonPool-worker-5] DEBUG io.micronaut.context.condition.Condition - * Class [javax.cache.CacheManager] is not present
10:31:01.306 [ForkJoinPool.commonPool-worker-5] DEBUG io.micronaut.context.condition.Condition - Bean [io.micronaut.configuration.metrics.binder.netty.$NettyMetricsPipelineBinderDefinition] will not be loaded due to failing conditions:
10:31:01.306 [ForkJoinPool.commonPool-worker-5] DEBUG io.micronaut.context.condition.Condition - * Property [micronaut.metrics.binders.netty.channels.enabled] with value [false] should not equal: false
10:31:01.307 [ForkJoinPool.commonPool-worker-5] DEBUG io.micronaut.context.condition.Condition - Bean [io.micronaut.configuration.metrics.binder.netty.$ByteBufAllocatorMetricsBinderDefinition] will not be loaded due to failing conditions:
10:31:01.307 [ForkJoinPool.commonPool-worker-5] DEBUG io.micronaut.context.condition.Condition - * Property [micronaut.metrics.binders.netty.bytebuf-allocators.enabled] with value [false] should not equal: false
10:31:01.307 [Test worker] DEBUG io.micronaut.context.event.ApplicationEventPublisher - Publishing event: io.micronaut.context.event.StartupEvent[source=io.micronaut.context.DefaultApplicationContext@60e0727b]
10:31:01.307 [ForkJoinPool.commonPool-worker-5] DEBUG io.micronaut.context.condition.Condition - Bean [io.micronaut.configuration.metrics.binder.netty.$InstrumentedEventLoopTaskQueueFactoryDefinition] will not be loaded due to failing conditions:
10:31:01.307 [ForkJoinPool.commonPool-worker-5] DEBUG io.micronaut.context.condition.Condition - * Property [micronaut.metrics.binders.netty.queues.enabled] with value [false] should not equal: false
10:31:01.307 [ForkJoinPool.commonPool-worker-5] DEBUG io.micronaut.context.condition.Condition - Bean [io.micronaut.configuration.metrics.binder.datasource.$DataSourcePoolMetricsBinderFactory$DataSourceMeterBinder0Definition] will not be loaded due to failing conditions:
10:31:01.308 [ForkJoinPool.commonPool-worker-5] DEBUG io.micronaut.context.condition.Condition - * Class [io.micronaut.jdbc.metadata.DataSourcePoolMetadata] is not present
10:31:01.308 [ForkJoinPool.commonPool-worker-5] DEBUG io.micronaut.context.condition.Condition - Bean [io.micronaut.configuration.metrics.binder.cache.$MicronautCaffeineCacheMetricsBinderDefinition] will not be loaded due to failing conditions:
10:31:01.308 [ForkJoinPool.commonPool-worker-5] DEBUG io.micronaut.context.condition.Condition - * Class [io.micronaut.cache.Cache] is not present
10:31:01.308 [ForkJoinPool.commonPool-worker-5] DEBUG io.micronaut.context.condition.Condition - Bean [io.micronaut.discovery.cloud.aws.$AmazonMetadataConfigurationDefinition] will not be loaded due to failing conditions:
10:31:01.309 [ForkJoinPool.commonPool-worker-5] DEBUG io.micronaut.context.condition.Condition - * None of the required environments [ec2] are active: [test]
10:31:01.309 [ForkJoinPool.commonPool-worker-5] DEBUG io.micronaut.context.condition.Condition - Bean [io.micronaut.discovery.cloud.aws.$AmazonComputeInstanceMetadataResolverDefinition] will not be loaded due to failing conditions:
10:31:01.309 [ForkJoinPool.commonPool-worker-5] DEBUG io.micronaut.context.condition.Condition - * None of the required environments [ec2] are active: [test]
10:31:01.309 [ForkJoinPool.commonPool-worker-5] DEBUG io.micronaut.context.condition.Condition - Bean [io.micronaut.test.support.server.$TestExecutableEmbeddedServerDefinition] will not be loaded due to failing conditions:
10:31:01.309 [ForkJoinPool.commonPool-worker-5] DEBUG io.micronaut.context.condition.Condition - * Required property [micronaut.test.server.executable] with value [null] not present
10:31:01.309 [ForkJoinPool.commonPool-worker-5] DEBUG io.micronaut.context.condition.Condition - Bean [io.micronaut.test.support.server.$TestEmbeddedServerDefinition] will not be loaded due to failing conditions:
10:31:01.309 [ForkJoinPool.commonPool-worker-5] DEBUG io.micronaut.context.condition.Condition - * Required property [micronaut.test.server.url] with value [null] not present
10:31:01.310 [Test worker] DEBUG io.micronaut.context.DefaultBeanContext - Resolving beans for type: <StartupEvent> io.micronaut.context.event.ApplicationEventListener 
10:31:01.311 [Test worker] DEBUG io.micronaut.context.DefaultBeanContext - Finding candidate beans for type: interface io.micronaut.context.event.ApplicationEventListener
10:31:01.311 [ForkJoinPool.commonPool-worker-5] DEBUG io.micronaut.context.condition.Condition - Bean [io.micronaut.test.transaction.spring.$SpringTransactionTestExecutionListenerDefinition] will not be loaded due to failing conditions:
10:31:01.311 [ForkJoinPool.commonPool-worker-5] DEBUG io.micronaut.context.condition.Condition - * Class [org.springframework.transaction.PlatformTransactionManager] is not present
10:31:01.311 [ForkJoinPool.commonPool-worker-5] DEBUG io.micronaut.context.condition.Condition - Bean [io.micronaut.aws.sdk.v2.client.netty.$NettyClientFactory$SystemPropertyClient1Definition] will not be loaded due to failing conditions:
10:31:01.311 [ForkJoinPool.commonPool-worker-5] DEBUG io.micronaut.context.condition.Condition - * Required property [software.amazon.awssdk.http.async.service.impl] with value [software.amazon.awssdk.http.nio.netty.NettySdkAsyncHttpService] not present
10:31:01.312 [ForkJoinPool.commonPool-worker-5] DEBUG io.micronaut.context.condition.Condition - Bean [io.micronaut.aws.sdk.v2.client.apache.$ApacheClientFactory$SystemPropertyClient1Definition] will not be loaded due to failing conditions:
10:31:01.312 [ForkJoinPool.commonPool-worker-5] DEBUG io.micronaut.context.condition.Condition - * Required property [software.amazon.awssdk.http.service.impl] with value [software.amazon.awssdk.http.apache.ApacheSdkHttpService] not present
10:31:01.312 [ForkJoinPool.commonPool-worker-5] DEBUG io.micronaut.context.condition.Condition - Bean [io.micronaut.management.health.indicator.jdbc.$JdbcIndicatorDefinition] will not be loaded due to failing conditions:
10:31:01.312 [ForkJoinPool.commonPool-worker-5] DEBUG io.micronaut.context.condition.Condition - * Class [io.micronaut.jdbc.DataSourceResolver] is not present
10:31:01.313 [ForkJoinPool.commonPool-worker-5] DEBUG io.micronaut.context.condition.Condition - Bean [io.micronaut.management.endpoint.loggers.impl.$Log4jLoggingSystemDefinition] will not be loaded due to failing conditions:
10:31:01.313 [ForkJoinPool.commonPool-worker-5] DEBUG io.micronaut.context.condition.Condition - * Class [org.apache.logging.log4j.core.LoggerContext] is not present
10:31:01.313 [ForkJoinPool.commonPool-worker-5] DEBUG io.micronaut.context.condition.Condition - Bean [io.micronaut.scheduling.io.watch.$DefaultWatchThreadDefinition] will not be loaded due to failing conditions:
10:31:01.313 [ForkJoinPool.commonPool-worker-5] DEBUG io.micronaut.context.condition.Condition - * Required property [micronaut.io.watch.paths] with value [null] not present
10:31:01.314 [ForkJoinPool.commonPool-worker-5] DEBUG io.micronaut.context.condition.Condition - Bean [io.micronaut.scheduling.io.watch.$FileWatchConfigurationDefinition] will not be loaded due to failing conditions:
10:31:01.314 [ForkJoinPool.commonPool-worker-5] DEBUG io.micronaut.context.condition.Condition - * Required property [micronaut.io.watch.paths] with value [null] not present
10:31:01.314 [ForkJoinPool.commonPool-worker-5] DEBUG io.micronaut.context.condition.Condition - Bean [io.micronaut.logging.impl.$Log4jLoggingSystemDefinition] will not be loaded due to failing conditions:
10:31:01.314 [ForkJoinPool.commonPool-worker-5] DEBUG io.micronaut.context.condition.Condition - * Class [org.apache.logging.log4j.core.config.Configurator] is not present
10:31:01.314 [ForkJoinPool.commonPool-worker-5] DEBUG io.micronaut.context.condition.Condition - Bean [io.micronaut.logging.$PropertiesLoggingLevelsConfigurerDefinition] will not be loaded due to failing conditions:
10:31:01.314 [ForkJoinPool.commonPool-worker-5] DEBUG io.micronaut.context.condition.Condition - * Required property [logger.levels] with value [null] not present
10:31:01.315 [ForkJoinPool.commonPool-worker-5] DEBUG io.micronaut.context.condition.Condition - Bean [io.micronaut.discovery.cloud.digitalocean.$DigitalOceanMetadataResolverDefinition] will not be loaded due to failing conditions:
10:31:01.315 [ForkJoinPool.commonPool-worker-5] DEBUG io.micronaut.context.condition.Condition - * None of the required environments [digitalocean] are active: [test]
10:31:01.315 [ForkJoinPool.commonPool-worker-5] DEBUG io.micronaut.context.condition.Condition - Bean [io.micronaut.reactive.flow.converters.$FlowConverterRegistrarDefinition] will not be loaded due to failing conditions:
10:31:01.315 [ForkJoinPool.commonPool-worker-5] DEBUG io.micronaut.context.condition.Condition - * Class [kotlinx.coroutines.flow.Flow] is not present
10:31:01.315 [ForkJoinPool.commonPool-worker-5] DEBUG io.micronaut.context.condition.Condition - Bean [io.micronaut.runtime.server.watch.event.$FileWatchRestartListenerDefinition] will not be loaded due to failing conditions:
10:31:01.315 [ForkJoinPool.commonPool-worker-5] DEBUG io.micronaut.context.condition.Condition - * Property [micronaut.io.watch.restart] with value [false] does not equal required value: true
10:31:01.316 [ForkJoinPool.commonPool-worker-5] DEBUG io.micronaut.core.reflect.ClassUtils - Attempting to dynamically load class io.methvin.watchservice.MacOSXListeningWatchService
10:31:01.316 [ForkJoinPool.commonPool-worker-5] DEBUG io.micronaut.core.reflect.ClassUtils - Class io.methvin.watchservice.MacOSXListeningWatchService is not present
10:31:01.316 [Test worker] DEBUG io.micronaut.context.DefaultBeanContext - Finding candidate beans for type: class io.micronaut.management.endpoint.health.HealthEndpoint
10:31:01.316 [ForkJoinPool.commonPool-worker-5] DEBUG io.micronaut.context.condition.Condition - Bean [io.micronaut.discovery.cloud.digitalocean.$DigitalOceanMetadataConfigurationDefinition] will not be loaded due to failing conditions:
10:31:01.316 [ForkJoinPool.commonPool-worker-5] DEBUG io.micronaut.context.condition.Condition - * None of the required environments [digitalocean] are active: [test]
10:31:01.316 [ForkJoinPool.commonPool-worker-5] DEBUG io.micronaut.core.reflect.ClassUtils - Attempting to dynamically load class io.methvin.watchservice.MacOSXListeningWatchService
10:31:01.317 [ForkJoinPool.commonPool-worker-5] DEBUG io.micronaut.core.reflect.ClassUtils - Class io.methvin.watchservice.MacOSXListeningWatchService is not present
10:31:01.317 [ForkJoinPool.commonPool-worker-5] DEBUG io.micronaut.context.condition.Condition - Bean [io.micronaut.scheduling.io.watch.$WatchServiceFactory$WatchService0Definition] will not be loaded due to failing conditions:
10:31:01.317 [ForkJoinPool.commonPool-worker-5] DEBUG io.micronaut.context.condition.Condition - * Required property [micronaut.io.watch.paths] with value [null] not present
10:31:01.317 [ForkJoinPool.commonPool-worker-5] DEBUG io.micronaut.context.condition.Condition - Bean [io.micronaut.web.router.version.resolution.$HeaderVersionResolverConfigurationDefinition] will not be loaded due to failing conditions:
10:31:01.317 [ForkJoinPool.commonPool-worker-5] DEBUG io.micronaut.context.condition.Condition - * Required property [micronaut.router.versioning.header.enabled] with value [true] not present
10:31:01.318 [ForkJoinPool.commonPool-worker-5] DEBUG io.micronaut.context.condition.Condition - Bean [io.micronaut.web.router.naming.$ConfigurableUriNamingStrategyDefinition] will not be loaded due to failing conditions:
10:31:01.318 [ForkJoinPool.commonPool-worker-5] DEBUG io.micronaut.context.condition.Condition - * Required property [micronaut.server.context-path] with value [null] not present
10:31:01.318 [ForkJoinPool.commonPool-worker-5] DEBUG io.micronaut.context.condition.Condition - Bean [io.micronaut.web.router.version.$ConfigurationDefaultVersionProviderDefinition] will not be loaded due to failing conditions:
10:31:01.318 [ForkJoinPool.commonPool-worker-5] DEBUG io.micronaut.context.condition.Condition - * Required property [micronaut.router.versioning.default-version] with value [null] not present
10:31:01.318 [ForkJoinPool.commonPool-worker-5] DEBUG io.micronaut.context.condition.Condition - Bean [io.micronaut.web.router.version.$RoutesVersioningConfigurationDefinition] will not be loaded due to failing conditions:
10:31:01.318 [ForkJoinPool.commonPool-worker-5] DEBUG io.micronaut.context.condition.Condition - * Required property [micronaut.router.versioning.enabled] with value [true] not present
10:31:01.318 [ForkJoinPool.commonPool-worker-5] DEBUG io.micronaut.context.condition.Condition - Bean [io.micronaut.web.router.version.$VersionAwareRouterListenerDefinition] will not be loaded due to failing conditions:
10:31:01.319 [ForkJoinPool.commonPool-worker-5] DEBUG io.micronaut.context.condition.Condition - * Required property [micronaut.router.versioning.enabled] with value [true] not present
10:31:01.319 [ForkJoinPool.commonPool-worker-5] DEBUG io.micronaut.context.condition.Condition - Bean [io.micronaut.web.router.version.resolution.$ParameterVersionResolverConfigurationDefinition] will not be loaded due to failing conditions:
10:31:01.319 [ForkJoinPool.commonPool-worker-5] DEBUG io.micronaut.context.condition.Condition - * Required property [micronaut.router.versioning.parameter.enabled] with value [true] not present
10:31:01.319 [ForkJoinPool.commonPool-worker-5] DEBUG io.micronaut.context.condition.Condition - Bean [io.micronaut.http.ssl.$ServerSslConfiguration$DefaultTrustStoreConfigurationDefinition] will not be loaded due to failing conditions:
10:31:01.319 [ForkJoinPool.commonPool-worker-5] DEBUG io.micronaut.context.condition.Condition - * Required property [micronaut.server.ssl.trust-store] with value [null] not present
10:31:01.319 [ForkJoinPool.commonPool-worker-5] DEBUG io.micronaut.context.condition.Condition - Bean [io.micronaut.http.ssl.$ServerSslConfiguration$DefaultKeyStoreConfigurationDefinition] will not be loaded due to failing conditions:
10:31:01.319 [ForkJoinPool.commonPool-worker-5] DEBUG io.micronaut.context.condition.Condition - * Required property [micronaut.server.ssl.key-store] with value [null] not present
10:31:01.319 [ForkJoinPool.commonPool-worker-5] DEBUG io.micronaut.context.condition.Condition - Bean [io.micronaut.http.ssl.$ClientSslConfiguration$DefaultTrustStoreConfigurationDefinition] will not be loaded due to failing conditions:
10:31:01.319 [ForkJoinPool.commonPool-worker-5] DEBUG io.micronaut.context.condition.Condition - * Required property [micronaut.http.client.ssl.trust-store] with value [null] not present
10:31:01.320 [ForkJoinPool.commonPool-worker-5] DEBUG io.micronaut.context.condition.Condition - Bean [io.micronaut.http.ssl.$ClientSslConfiguration$DefaultKeyConfigurationDefinition] will not be loaded due to failing conditions:
10:31:01.320 [ForkJoinPool.commonPool-worker-5] DEBUG io.micronaut.context.condition.Condition - * Required property [micronaut.http.client.ssl.key] with value [null] not present
10:31:01.320 [ForkJoinPool.commonPool-worker-5] DEBUG io.micronaut.context.condition.Condition - Bean [io.micronaut.http.ssl.$ClientSslConfiguration$DefaultKeyStoreConfigurationDefinition] will not be loaded due to failing conditions:
10:31:01.320 [ForkJoinPool.commonPool-worker-5] DEBUG io.micronaut.context.condition.Condition - * Required property [micronaut.http.client.ssl.key-store] with value [null] not present
10:31:01.320 [ForkJoinPool.commonPool-worker-5] DEBUG io.micronaut.context.condition.Condition - Bean [io.micronaut.http.ssl.$ServerSslConfiguration$DefaultKeyConfigurationDefinition] will not be loaded due to failing conditions:
10:31:01.320 [ForkJoinPool.commonPool-worker-5] DEBUG io.micronaut.context.condition.Condition - * Required property [micronaut.server.ssl.key] with value [null] not present
10:31:01.324 [Test worker] DEBUG io.micronaut.context.DefaultBeanContext - Resolved bean candidates [Definition: io.micronaut.management.endpoint.health.HealthEndpoint] for type: class io.micronaut.management.endpoint.health.HealthEndpoint
10:31:01.324 [Test worker] DEBUG io.micronaut.context.DefaultBeanContext - Finalized bean definitions candidates: [Definition: io.micronaut.management.endpoint.health.HealthEndpoint]
10:31:01.328 [Test worker] DEBUG io.micronaut.core.beans.DefaultBeanIntrospector - Found BeanIntrospection for type: class io.micronaut.health.HeartbeatDiscoveryClientCondition
10:31:01.328 [Test worker] DEBUG io.micronaut.context.DefaultBeanContext - Resolved existing bean [compositeDiscoveryClient()] for type [class io.micronaut.discovery.CompositeDiscoveryClient] and qualifier [null]
10:31:01.328 [Test worker] DEBUG io.micronaut.context.condition.Condition - Bean [Definition: io.micronaut.health.HeartbeatTask] will not be loaded due to failing conditions:
10:31:01.328 [Test worker] DEBUG io.micronaut.context.condition.Condition - * Heartbeat not enabled since no Discovery client active
10:31:01.328 [Test worker] DEBUG io.micronaut.context.condition.Condition - * Custom condition [class io.micronaut.health.HeartbeatDiscoveryClientCondition] failed evaluation
10:31:01.328 [Test worker] DEBUG io.micronaut.context.condition.Condition - Bean [io.micronaut.logging.$PropertiesLoggingLevelsConfigurerDefinition] will not be loaded due to failing conditions:
10:31:01.328 [Test worker] DEBUG io.micronaut.context.condition.Condition - * Required property [logger.levels] with value [null] not present
10:31:01.329 [Test worker] DEBUG io.micronaut.context.condition.Condition - Bean [io.micronaut.runtime.server.watch.event.$FileWatchRestartListenerDefinition] will not be loaded due to failing conditions:
10:31:01.329 [Test worker] DEBUG io.micronaut.context.condition.Condition - * Property [micronaut.io.watch.restart] with value [false] does not equal required value: true
10:31:01.329 [Test worker] DEBUG io.micronaut.context.DefaultBeanContext - Resolved bean candidates [Definition: io.micronaut.runtime.http.scope.RequestCustomScope, Definition: io.micronaut.management.health.indicator.service.ServiceReadyHealthIndicator$ApplicationEventListener$onServerStarted2$Intercepted, Definition: io.micronaut.management.health.indicator.service.ServiceReadyHealthIndicator$ApplicationEventListener$onServiceStarted1$Intercepted, Definition: io.micronaut.runtime.context.scope.refresh.RefreshScope] for type: interface io.micronaut.context.event.ApplicationEventListener
10:31:01.329 [Test worker] DEBUG io.micronaut.context.DefaultBeanContext - Finalized bean definitions candidates: [Definition: io.micronaut.runtime.http.scope.RequestCustomScope, Definition: io.micronaut.management.health.indicator.service.ServiceReadyHealthIndicator$ApplicationEventListener$onServerStarted2$Intercepted, Definition: io.micronaut.management.health.indicator.service.ServiceReadyHealthIndicator$ApplicationEventListener$onServiceStarted1$Intercepted, Definition: io.micronaut.runtime.context.scope.refresh.RefreshScope]
10:31:01.330 [Test worker] DEBUG io.micronaut.context.DefaultBeanContext - Qualifying bean [io.micronaut.context.event.ApplicationEventListener] from candidates [Definition: io.micronaut.runtime.http.scope.RequestCustomScope, Definition: io.micronaut.management.health.indicator.service.ServiceReadyHealthIndicator$ApplicationEventListener$onServerStarted2$Intercepted, Definition: io.micronaut.management.health.indicator.service.ServiceReadyHealthIndicator$ApplicationEventListener$onServiceStarted1$Intercepted, Definition: io.micronaut.runtime.context.scope.refresh.RefreshScope] for qualifier: <StartupEvent> 
10:31:01.332 [Test worker] DEBUG io.micronaut.context.DefaultBeanContext - Found no matching beans of type [io.micronaut.context.event.ApplicationEventListener] for qualifier: <StartupEvent> 
10:31:01.332 [Test worker] DEBUG io.micronaut.context.DefaultBeanContext - Finding candidate beans for type: class gov.cdc.ncezid.cloud.storage.TestStreamRead
10:31:01.336 [Test worker] DEBUG io.micronaut.context.DefaultBeanContext - Resolved bean candidates [Definition: gov.cdc.ncezid.cloud.storage.TestStreamRead] for type: class gov.cdc.ncezid.cloud.storage.TestStreamRead
10:31:01.336 [Test worker] DEBUG io.micronaut.context.DefaultBeanContext - Finalized bean definitions candidates: [Definition: gov.cdc.ncezid.cloud.storage.TestStreamRead]
10:31:01.336 [Test worker] DEBUG io.micronaut.context.DefaultBeanContext - Finding candidate beans for type: interface io.micronaut.runtime.EmbeddedApplication
10:31:01.336 [Test worker] DEBUG io.micronaut.context.DefaultBeanContext - Resolved bean candidates [] for type: interface io.micronaut.runtime.EmbeddedApplication
10:31:01.337 [Test worker] DEBUG io.micronaut.context.DefaultBeanContext - Finding candidate beans for type: class io.micronaut.runtime.context.scope.refresh.RefreshScope
10:31:01.337 [Test worker] DEBUG io.micronaut.context.DefaultBeanContext - Resolved bean candidates [Definition: io.micronaut.runtime.context.scope.refresh.RefreshScope] for type: class io.micronaut.runtime.context.scope.refresh.RefreshScope
10:31:01.337 [Test worker] DEBUG io.micronaut.context.DefaultBeanContext - Finalized bean definitions candidates: [Definition: io.micronaut.runtime.context.scope.refresh.RefreshScope]
10:31:01.337 [Test worker] DEBUG io.micronaut.context.DefaultBeanContext - Found concrete candidate [Definition: io.micronaut.runtime.context.scope.refresh.RefreshScope] for type: io.micronaut.runtime.context.scope.refresh.RefreshScope 
10:31:01.340 [Test worker] DEBUG io.micronaut.context.DefaultBeanContext - Finding candidate beans for type: interface java.util.concurrent.Executor
10:31:01.341 [Test worker] DEBUG io.micronaut.context.DefaultBeanContext - Resolved bean candidates [Definition: io.micronaut.scheduling.executor.ExecutorFactory] for type: interface java.util.concurrent.Executor
10:31:01.341 [Test worker] DEBUG io.micronaut.context.DefaultBeanContext - Finding candidate beans for type: interface io.micronaut.scheduling.executor.ExecutorConfiguration
10:31:01.347 [Test worker] DEBUG io.micronaut.context.DefaultBeanContext - Resolved bean candidates [Definition: io.micronaut.scheduling.executor.ScheduledExecutorServiceConfig, Definition: io.micronaut.scheduling.executor.UserExecutorConfiguration, Definition: io.micronaut.scheduling.executor.IOExecutorServiceConfig] for type: interface io.micronaut.scheduling.executor.ExecutorConfiguration
10:31:01.349 [Test worker] DEBUG io.micronaut.context.DefaultBeanContext - Finalized bean definitions candidates: [Definition: io.micronaut.scheduling.executor.ScheduledExecutorServiceConfig, Definition: io.micronaut.scheduling.executor.IOExecutorServiceConfig]
10:31:01.367 [Test worker] DEBUG io.micronaut.context.DefaultBeanContext - Finalized bean definitions candidates: [Definition: io.micronaut.scheduling.executor.ExecutorFactory, Definition: io.micronaut.scheduling.executor.ExecutorFactory]
10:31:01.368 [Test worker] DEBUG io.micronaut.context.DefaultBeanContext - Qualifying bean [java.util.concurrent.Executor] for qualifier: @Named('io') 
10:31:01.370 [Test worker] DEBUG io.micronaut.context.DefaultBeanContext - Found concrete candidate [Definition: io.micronaut.scheduling.executor.ExecutorFactory] for type: @Named('io') java.util.concurrent.Executor 
10:31:01.371 [Test worker] DEBUG io.micronaut.context.DefaultBeanContext - Finding candidate beans for type: class io.micronaut.scheduling.executor.ExecutorFactory
10:31:01.372 [Test worker] DEBUG io.micronaut.context.DefaultBeanContext - Resolved bean candidates [Definition: io.micronaut.scheduling.executor.ExecutorFactory] for type: class io.micronaut.scheduling.executor.ExecutorFactory
10:31:01.372 [Test worker] DEBUG io.micronaut.context.DefaultBeanContext - Finalized bean definitions candidates: [Definition: io.micronaut.scheduling.executor.ExecutorFactory]
10:31:01.372 [Test worker] DEBUG io.micronaut.context.DefaultBeanContext - Found concrete candidate [Definition: io.micronaut.scheduling.executor.ExecutorFactory] for type: io.micronaut.scheduling.executor.ExecutorFactory 
10:31:01.373 [Test worker] DEBUG io.micronaut.context.DefaultBeanContext - Finding candidate beans for type: interface java.util.concurrent.ThreadFactory
10:31:01.374 [Test worker] DEBUG io.micronaut.context.DefaultBeanContext - Resolved bean candidates [Definition: io.micronaut.scheduling.executor.ExecutorFactory, Definition: io.micronaut.scheduling.executor.DefaultThreadFactory] for type: interface java.util.concurrent.ThreadFactory
10:31:01.374 [Test worker] DEBUG io.micronaut.context.DefaultBeanContext - Finding candidate beans for type: interface io.micronaut.scheduling.executor.ExecutorConfiguration
10:31:01.375 [Test worker] DEBUG io.micronaut.context.DefaultBeanContext - Resolved bean candidates [Definition: io.micronaut.scheduling.executor.ScheduledExecutorServiceConfig, Definition: io.micronaut.scheduling.executor.UserExecutorConfiguration, Definition: io.micronaut.scheduling.executor.IOExecutorServiceConfig] for type: interface io.micronaut.scheduling.executor.ExecutorConfiguration
10:31:01.375 [Test worker] DEBUG io.micronaut.context.DefaultBeanContext - Finalized bean definitions candidates: [Definition: io.micronaut.scheduling.executor.ScheduledExecutorServiceConfig, Definition: io.micronaut.scheduling.executor.IOExecutorServiceConfig]
10:31:01.375 [Test worker] DEBUG io.micronaut.context.DefaultBeanContext - Finalized bean definitions candidates: [Definition: io.micronaut.scheduling.executor.ExecutorFactory, Definition: io.micronaut.scheduling.executor.ExecutorFactory, Definition: io.micronaut.scheduling.executor.DefaultThreadFactory]
10:31:01.375 [Test worker] DEBUG io.micronaut.context.DefaultBeanContext - Searching for @Primary for type [java.util.concurrent.ThreadFactory] from candidates: [Definition: io.micronaut.scheduling.executor.ExecutorFactory, Definition: io.micronaut.scheduling.executor.ExecutorFactory, Definition: io.micronaut.scheduling.executor.DefaultThreadFactory] 
10:31:01.376 [Test worker] DEBUG io.micronaut.context.DefaultBeanContext - Found concrete candidate [Definition: io.micronaut.scheduling.executor.DefaultThreadFactory] for type: java.util.concurrent.ThreadFactory 
10:31:01.376 [Test worker] DEBUG io.micronaut.context.DefaultBeanContext - Finding candidate beans for type: class io.micronaut.scheduling.executor.DefaultThreadFactory
10:31:01.377 [Test worker] DEBUG io.micronaut.context.DefaultBeanContext - Resolved bean candidates [Definition: io.micronaut.scheduling.executor.DefaultThreadFactory] for type: class io.micronaut.scheduling.executor.DefaultThreadFactory
10:31:01.377 [Test worker] DEBUG io.micronaut.context.DefaultBeanContext - Finalized bean definitions candidates: [Definition: io.micronaut.scheduling.executor.DefaultThreadFactory]
10:31:01.377 [Test worker] DEBUG io.micronaut.context.DefaultBeanContext - Found concrete candidate [Definition: io.micronaut.scheduling.executor.DefaultThreadFactory] for type: io.micronaut.scheduling.executor.DefaultThreadFactory 
10:31:01.378 [Test worker] DEBUG io.micronaut.context.lifecycle - Created bean [io.micronaut.scheduling.executor.DefaultThreadFactory@3974f12c] from definition [Definition: io.micronaut.scheduling.executor.DefaultThreadFactory] with qualifier [null]
10:31:01.378 [Test worker] DEBUG io.micronaut.context.DefaultBeanContext - Registering singleton bean io.micronaut.scheduling.executor.DefaultThreadFactory@3974f12c for type [io.micronaut.scheduling.executor.DefaultThreadFactory] using bean key io.micronaut.scheduling.executor.DefaultThreadFactory
10:31:01.378 [Test worker] DEBUG io.micronaut.context.lifecycle - Created bean [java.util.concurrent.Executors$DefaultThreadFactory@277b4576] from definition [Definition: io.micronaut.scheduling.executor.DefaultThreadFactory] with qualifier [null]
10:31:01.378 [Test worker] DEBUG io.micronaut.context.DefaultBeanContext - Registering singleton bean java.util.concurrent.Executors$DefaultThreadFactory@277b4576 for type [java.util.concurrent.ThreadFactory] using bean key java.util.concurrent.ThreadFactory
10:31:01.378 [Test worker] DEBUG io.micronaut.context.lifecycle - Created bean [io.micronaut.scheduling.executor.ExecutorFactory@4df2a4be] from definition [Definition: io.micronaut.scheduling.executor.ExecutorFactory] with qualifier [null]
10:31:01.378 [Test worker] DEBUG io.micronaut.context.DefaultBeanContext - Registering singleton bean io.micronaut.scheduling.executor.ExecutorFactory@4df2a4be for type [io.micronaut.scheduling.executor.ExecutorFactory] using bean key io.micronaut.scheduling.executor.ExecutorFactory
10:31:01.379 [Test worker] DEBUG io.micronaut.context.DefaultBeanContext - Finding candidate beans for type: interface io.micronaut.scheduling.executor.ExecutorConfiguration
10:31:01.380 [Test worker] DEBUG io.micronaut.context.DefaultBeanContext - Resolved bean candidates [Definition: io.micronaut.scheduling.executor.ScheduledExecutorServiceConfig, Definition: io.micronaut.scheduling.executor.UserExecutorConfiguration, Definition: io.micronaut.scheduling.executor.IOExecutorServiceConfig] for type: interface io.micronaut.scheduling.executor.ExecutorConfiguration
10:31:01.380 [Test worker] DEBUG io.micronaut.context.DefaultBeanContext - Finalized bean definitions candidates: [Definition: io.micronaut.scheduling.executor.ScheduledExecutorServiceConfig, Definition: io.micronaut.scheduling.executor.IOExecutorServiceConfig]
10:31:01.380 [Test worker] DEBUG io.micronaut.context.DefaultBeanContext - Qualifying bean [io.micronaut.scheduling.executor.ExecutorConfiguration] for qualifier: @Named('io') 
10:31:01.380 [Test worker] DEBUG io.micronaut.context.DefaultBeanContext - Found concrete candidate [Definition: io.micronaut.scheduling.executor.IOExecutorServiceConfig] for type: @Named('io') io.micronaut.scheduling.executor.ExecutorConfiguration 
10:31:01.381 [Test worker] DEBUG io.micronaut.context.DefaultBeanContext - Finding candidate beans for type: class io.micronaut.scheduling.executor.IOExecutorServiceConfig
10:31:01.382 [Test worker] DEBUG io.micronaut.context.DefaultBeanContext - Resolved bean candidates [Definition: io.micronaut.scheduling.executor.IOExecutorServiceConfig] for type: class io.micronaut.scheduling.executor.IOExecutorServiceConfig
10:31:01.382 [Test worker] DEBUG io.micronaut.context.DefaultBeanContext - Finalized bean definitions candidates: [Definition: io.micronaut.scheduling.executor.IOExecutorServiceConfig]
10:31:01.382 [Test worker] DEBUG io.micronaut.context.DefaultBeanContext - Found concrete candidate [Definition: io.micronaut.scheduling.executor.IOExecutorServiceConfig] for type: io.micronaut.scheduling.executor.IOExecutorServiceConfig 
10:31:01.382 [Test worker] DEBUG io.micronaut.context.lifecycle - Created bean [io.micronaut.scheduling.executor.IOExecutorServiceConfig@3459e656] from definition [Definition: io.micronaut.scheduling.executor.IOExecutorServiceConfig] with qualifier [null]
10:31:01.382 [Test worker] DEBUG io.micronaut.context.DefaultBeanContext - Registering singleton bean io.micronaut.scheduling.executor.IOExecutorServiceConfig@3459e656 for type [io.micronaut.scheduling.executor.IOExecutorServiceConfig] using bean key io.micronaut.scheduling.executor.IOExecutorServiceConfig
10:31:01.383 [Test worker] DEBUG io.micronaut.context.lifecycle - Created bean [io.micronaut.scheduling.executor.UserExecutorConfiguration@2650d07f] from definition [Definition: io.micronaut.scheduling.executor.IOExecutorServiceConfig] with qualifier [@Named('io')]
10:31:01.383 [Test worker] DEBUG io.micronaut.context.DefaultBeanContext - Registering singleton bean io.micronaut.scheduling.executor.UserExecutorConfiguration@2650d07f for type [@Named('io') io.micronaut.scheduling.executor.ExecutorConfiguration] using bean key @Named('io') io.micronaut.scheduling.executor.ExecutorConfiguration
10:31:01.385 [Test worker] DEBUG io.micronaut.context.DefaultBeanContext - Finding candidate beans for type: interface java.util.concurrent.ThreadFactory
10:31:01.386 [Test worker] DEBUG io.micronaut.context.DefaultBeanContext - Resolved bean candidates [Definition: io.micronaut.scheduling.executor.ExecutorFactory, Definition: io.micronaut.scheduling.executor.DefaultThreadFactory] for type: interface java.util.concurrent.ThreadFactory
10:31:01.386 [Test worker] DEBUG io.micronaut.context.DefaultBeanContext - Finding candidate beans for type: interface io.micronaut.scheduling.executor.ExecutorConfiguration
10:31:01.387 [Test worker] DEBUG io.micronaut.context.DefaultBeanContext - Resolved bean candidates [Definition: io.micronaut.scheduling.executor.ScheduledExecutorServiceConfig, Definition: io.micronaut.scheduling.executor.UserExecutorConfiguration, Definition: io.micronaut.scheduling.executor.IOExecutorServiceConfig] for type: interface io.micronaut.scheduling.executor.ExecutorConfiguration
10:31:01.387 [Test worker] DEBUG io.micronaut.context.DefaultBeanContext - Finalized bean definitions candidates: [Definition: io.micronaut.scheduling.executor.ScheduledExecutorServiceConfig, Definition: io.micronaut.scheduling.executor.IOExecutorServiceConfig]
10:31:01.387 [Test worker] DEBUG io.micronaut.context.DefaultBeanContext - Finalized bean definitions candidates: [Definition: io.micronaut.scheduling.executor.ExecutorFactory, Definition: io.micronaut.scheduling.executor.ExecutorFactory, Definition: io.micronaut.scheduling.executor.DefaultThreadFactory]
10:31:01.387 [Test worker] DEBUG io.micronaut.context.DefaultBeanContext - Qualifying bean [java.util.concurrent.ThreadFactory] for qualifier: @Named('io') 
10:31:01.388 [Test worker] DEBUG io.micronaut.context.DefaultBeanContext - Found concrete candidate [Definition: io.micronaut.scheduling.executor.ExecutorFactory] for type: @Named('io') java.util.concurrent.ThreadFactory 
10:31:01.388 [Test worker] DEBUG io.micronaut.context.DefaultBeanContext - Resolved existing bean [io.micronaut.scheduling.executor.ExecutorFactory@4df2a4be] for type [class io.micronaut.scheduling.executor.ExecutorFactory] and qualifier [null]
10:31:01.388 [Test worker] DEBUG io.micronaut.context.DefaultBeanContext - Resolved existing bean [io.micronaut.scheduling.executor.UserExecutorConfiguration@2650d07f] for type [interface io.micronaut.scheduling.executor.ExecutorConfiguration] and qualifier [@Named('io')]
10:31:01.389 [Test worker] DEBUG io.micronaut.context.lifecycle - Created bean [io.micronaut.scheduling.executor.NamedThreadFactory@2afdf5db] from definition [Definition: io.micronaut.scheduling.executor.ExecutorFactory] with qualifier [@Named('io')]
10:31:01.390 [Test worker] DEBUG io.micronaut.context.DefaultBeanContext - Registering singleton bean io.micronaut.scheduling.executor.NamedThreadFactory@2afdf5db for type [@Named('io') java.util.concurrent.ThreadFactory] using bean key @Named('io') java.util.concurrent.ThreadFactory
10:31:01.393 [Test worker] DEBUG io.micronaut.context.DefaultBeanContext - Finding candidate beans for type: class io.micronaut.configuration.metrics.micrometer.MeterRegistryFactory
10:31:01.393 [Test worker] DEBUG io.micronaut.context.DefaultBeanContext - Resolved bean candidates [Definition: io.micronaut.configuration.metrics.micrometer.MeterRegistryFactory] for type: class io.micronaut.configuration.metrics.micrometer.MeterRegistryFactory
10:31:01.394 [Test worker] DEBUG io.micronaut.context.DefaultBeanContext - Finalized bean definitions candidates: [Definition: io.micronaut.configuration.metrics.micrometer.MeterRegistryFactory]
10:31:01.394 [Test worker] DEBUG io.micronaut.context.DefaultBeanContext - Found concrete candidate [Definition: io.micronaut.configuration.metrics.micrometer.MeterRegistryFactory] for type: io.micronaut.configuration.metrics.micrometer.MeterRegistryFactory 
10:31:01.395 [Test worker] DEBUG io.micronaut.context.lifecycle - Created bean [io.micronaut.configuration.metrics.micrometer.MeterRegistryFactory@24709c8a] from definition [Definition: io.micronaut.configuration.metrics.micrometer.MeterRegistryFactory] with qualifier [null]
10:31:01.396 [Test worker] DEBUG io.micronaut.context.DefaultBeanContext - Registering singleton bean io.micronaut.configuration.metrics.micrometer.MeterRegistryFactory@24709c8a for type [io.micronaut.configuration.metrics.micrometer.MeterRegistryFactory] using bean key io.micronaut.configuration.metrics.micrometer.MeterRegistryFactory
10:31:01.396 [Test worker] DEBUG io.micronaut.context.DefaultBeanContext - Resolving beans for type: io.micrometer.core.instrument.MeterRegistry
10:31:01.396 [Test worker] DEBUG io.micronaut.context.DefaultBeanContext - Finding candidate beans for type: class io.micrometer.core.instrument.MeterRegistry
10:31:01.396 [Test worker] DEBUG io.micronaut.context.DefaultBeanContext - Resolved bean candidates [Definition: io.micronaut.configuration.metrics.micrometer.MeterRegistryFactory] for type: class io.micrometer.core.instrument.MeterRegistry
10:31:01.396 [Test worker] DEBUG io.micronaut.context.DefaultBeanContext - Finalized bean definitions candidates: [Definition: io.micronaut.configuration.metrics.micrometer.MeterRegistryFactory]
10:31:01.397 [Test worker] DEBUG io.micronaut.context.DefaultBeanContext - Resolving beans for type: io.micronaut.configuration.metrics.aggregator.MeterRegistryConfigurer
10:31:01.397 [Test worker] DEBUG io.micronaut.context.DefaultBeanContext - Finding candidate beans for type: interface io.micronaut.configuration.metrics.aggregator.MeterRegistryConfigurer
10:31:01.399 [Test worker] DEBUG io.micronaut.context.DefaultBeanContext - Resolved bean candidates [Definition: io.micronaut.configuration.metrics.micrometer.MeterRegistryFactory] for type: interface io.micronaut.configuration.metrics.aggregator.MeterRegistryConfigurer
10:31:01.399 [Test worker] DEBUG io.micronaut.context.DefaultBeanContext - Finalized bean definitions candidates: [Definition: io.micronaut.configuration.metrics.micrometer.MeterRegistryFactory]
10:31:01.400 [Test worker] DEBUG io.micronaut.context.DefaultBeanContext - Resolved existing bean [io.micronaut.configuration.metrics.micrometer.MeterRegistryFactory@24709c8a] for type [class io.micronaut.configuration.metrics.micrometer.MeterRegistryFactory] and qualifier [null]
10:31:01.400 [Test worker] DEBUG io.micronaut.context.DefaultBeanContext - Resolving beans for type: io.micrometer.core.instrument.binder.MeterBinder
10:31:01.400 [Test worker] DEBUG io.micronaut.context.DefaultBeanContext - Finding candidate beans for type: interface io.micrometer.core.instrument.binder.MeterBinder
10:31:01.405 [Test worker] DEBUG io.micronaut.context.DefaultBeanContext - Resolved bean candidates [Definition: io.micronaut.configuration.metrics.binder.system.SystemMeterRegistryBinderFactoryFactory, Definition: io.micronaut.configuration.metrics.binder.jvm.JvmMeterRegistryBinderFactory, Definition: io.micronaut.configuration.metrics.binder.jvm.JvmMeterRegistryBinderFactory, Definition: io.micronaut.configuration.metrics.binder.system.SystemMeterRegistryBinderFactoryFactory, Definition: io.micronaut.configuration.metrics.binder.system.SystemMeterRegistryBinderFactoryFactory, Definition: io.micronaut.configuration.metrics.binder.logging.LogbackMeterRegistryBinderFactory, Definition: io.micronaut.configuration.metrics.binder.jvm.JvmMeterRegistryBinderFactory, Definition: io.micronaut.configuration.metrics.binder.jvm.JvmMeterRegistryBinderFactory] for type: interface io.micrometer.core.instrument.binder.MeterBinder
10:31:01.405 [Test worker] DEBUG io.micronaut.context.DefaultBeanContext - Finalized bean definitions candidates: [Definition: io.micronaut.configuration.metrics.binder.system.SystemMeterRegistryBinderFactoryFactory, Definition: io.micronaut.configuration.metrics.binder.jvm.JvmMeterRegistryBinderFactory, Definition: io.micronaut.configuration.metrics.binder.jvm.JvmMeterRegistryBinderFactory, Definition: io.micronaut.configuration.metrics.binder.system.SystemMeterRegistryBinderFactoryFactory, Definition: io.micronaut.configuration.metrics.binder.system.SystemMeterRegistryBinderFactoryFactory, Definition: io.micronaut.configuration.metrics.binder.logging.LogbackMeterRegistryBinderFactory, Definition: io.micronaut.configuration.metrics.binder.jvm.JvmMeterRegistryBinderFactory, Definition: io.micronaut.configuration.metrics.binder.jvm.JvmMeterRegistryBinderFactory]
10:31:01.405 [Test worker] DEBUG io.micronaut.context.DefaultBeanContext - Finding candidate beans for type: class io.micronaut.configuration.metrics.binder.system.SystemMeterRegistryBinderFactoryFactory
10:31:01.407 [Test worker] DEBUG io.micronaut.context.DefaultBeanContext - Resolved bean candidates [Definition: io.micronaut.configuration.metrics.binder.system.SystemMeterRegistryBinderFactoryFactory] for type: class io.micronaut.configuration.metrics.binder.system.SystemMeterRegistryBinderFactoryFactory
10:31:01.407 [Test worker] DEBUG io.micronaut.context.DefaultBeanContext - Finalized bean definitions candidates: [Definition: io.micronaut.configuration.metrics.binder.system.SystemMeterRegistryBinderFactoryFactory]
10:31:01.407 [Test worker] DEBUG io.micronaut.context.DefaultBeanContext - Found concrete candidate [Definition: io.micronaut.configuration.metrics.binder.system.SystemMeterRegistryBinderFactoryFactory] for type: io.micronaut.configuration.metrics.binder.system.SystemMeterRegistryBinderFactoryFactory 
10:31:01.407 [Test worker] DEBUG io.micronaut.context.lifecycle - Created bean [io.micronaut.configuration.metrics.binder.system.SystemMeterRegistryBinderFactoryFactory@6a8610d4] from definition [Definition: io.micronaut.configuration.metrics.binder.system.SystemMeterRegistryBinderFactoryFactory] with qualifier [null]
10:31:01.407 [Test worker] DEBUG io.micronaut.context.DefaultBeanContext - Registering singleton bean io.micronaut.configuration.metrics.binder.system.SystemMeterRegistryBinderFactoryFactory@6a8610d4 for type [io.micronaut.configuration.metrics.binder.system.SystemMeterRegistryBinderFactoryFactory] using bean key io.micronaut.configuration.metrics.binder.system.SystemMeterRegistryBinderFactoryFactory
[...]
	at org.junit.platform.engine.support.hierarchical.ThrowableCollector.execute(ThrowableCollector.java:73)
	at org.junit.platform.engine.support.hierarchical.NodeTestTask.lambda$executeRecursively$7(NodeTestTask.java:129)
	at org.junit.platform.engine.support.hierarchical.Node.around(Node.java:137)
	at org.junit.platform.engine.support.hierarchical.NodeTestTask.lambda$executeRecursively$8(NodeTestTask.java:127)
	at org.junit.platform.engine.support.hierarchical.ThrowableCollector.execute(ThrowableCollector.java:73)
	at org.junit.platform.engine.support.hierarchical.NodeTestTask.executeRecursively(NodeTestTask.java:126)
	at org.junit.platform.engine.support.hierarchical.NodeTestTask.execute(NodeTestTask.java:84)
	at org.junit.platform.engine.support.hierarchical.SameThreadHierarchicalTestExecutorService.submit(SameThreadHierarchicalTestExecutorService.java:32)
	at org.junit.platform.engine.support.hierarchical.HierarchicalTestExecutor.execute(HierarchicalTestExecutor.java:57)
	at org.junit.platform.engine.support.hierarchical.HierarchicalTestEngine.execute(HierarchicalTestEngine.java:51)
	at org.junit.platform.launcher.core.DefaultLauncher.execute(DefaultLauncher.java:248)
	at org.junit.platform.launcher.core.DefaultLauncher.lambda$execute$5(DefaultLauncher.java:211)
	at org.junit.platform.launcher.core.DefaultLauncher.withInterceptedStreams(DefaultLauncher.java:226)
	at org.junit.platform.launcher.core.DefaultLauncher.execute(DefaultLauncher.java:199)
	at org.junit.platform.launcher.core.DefaultLauncher.execute(DefaultLauncher.java:132)
	at org.gradle.api.internal.tasks.testing.junitplatform.JUnitPlatformTestClassProcessor$CollectAllTestClassesExecutor.processAllTestClasses(JUnitPlatformTestClassProcessor.java:99)
	at org.gradle.api.internal.tasks.testing.junitplatform.JUnitPlatformTestClassProcessor$CollectAllTestClassesExecutor.access$000(JUnitPlatformTestClassProcessor.java:79)
	at org.gradle.api.internal.tasks.testing.junitplatform.JUnitPlatformTestClassProcessor.stop(JUnitPlatformTestClassProcessor.java:75)
	at org.gradle.api.internal.tasks.testing.SuiteTestClassProcessor.stop(SuiteTestClassProcessor.java:61)
	at java.base/jdk.internal.reflect.NativeMethodAccessorImpl.invoke0(Native Method)
	at java.base/jdk.internal.reflect.NativeMethodAccessorImpl.invoke(NativeMethodAccessorImpl.java:62)
	at java.base/jdk.internal.reflect.DelegatingMethodAccessorImpl.invoke(DelegatingMethodAccessorImpl.java:43)
	at java.base/java.lang.reflect.Method.invoke(Method.java:566)
	at org.gradle.internal.dispatch.ReflectionDispatch.dispatch(ReflectionDispatch.java:36)
	at org.gradle.internal.dispatch.ReflectionDispatch.dispatch(ReflectionDispatch.java:24)
	at org.gradle.internal.dispatch.ContextClassLoaderDispatch.dispatch(ContextClassLoaderDispatch.java:33)
	at org.gradle.internal.dispatch.ProxyDispatchAdapter$DispatchingInvocationHandler.invoke(ProxyDispatchAdapter.java:94)
	at com.sun.proxy.$Proxy5.stop(Unknown Source)
	at org.gradle.api.internal.tasks.testing.worker.TestWorker.stop(TestWorker.java:133)
	at java.base/jdk.internal.reflect.NativeMethodAccessorImpl.invoke0(Native Method)
	at java.base/jdk.internal.reflect.NativeMethodAccessorImpl.invoke(NativeMethodAccessorImpl.java:62)
	at java.base/jdk.internal.reflect.DelegatingMethodAccessorImpl.invoke(DelegatingMethodAccessorImpl.java:43)
	at java.base/java.lang.reflect.Method.invoke(Method.java:566)
	at org.gradle.internal.dispatch.ReflectionDispatch.dispatch(ReflectionDispatch.java:36)
	at org.gradle.internal.dispatch.ReflectionDispatch.dispatch(ReflectionDispatch.java:24)
	at org.gradle.internal.remote.internal.hub.MessageHubBackedObjectConnection$DispatchWrapper.dispatch(MessageHubBackedObjectConnection.java:182)
	at org.gradle.internal.remote.internal.hub.MessageHubBackedObjectConnection$DispatchWrapper.dispatch(MessageHubBackedObjectConnection.java:164)
	at org.gradle.internal.remote.internal.hub.MessageHub$Handler.run(MessageHub.java:414)
	at org.gradle.internal.concurrent.ExecutorPolicy$CatchAndRecordFailures.onExecute(ExecutorPolicy.java:64)
	at org.gradle.internal.concurrent.ManagedExecutorImpl$1.run(ManagedExecutorImpl.java:48)
	at java.base/java.util.concurrent.ThreadPoolExecutor.runWorker(ThreadPoolExecutor.java:1128)
	at java.base/java.util.concurrent.ThreadPoolExecutor$Worker.run(ThreadPoolExecutor.java:628)
	at org.gradle.internal.concurrent.ThreadFactoryImpl$ManagedThreadRunnable.run(ThreadFactoryImpl.java:56)
	at java.base/java.lang.Thread.run(Thread.java:834)
10:31:02.659 [Test worker] DEBUG software.amazon.awssdk.auth.credentials.AwsCredentialsProviderChain - Loading credentials from ProfileCredentialsProvider(profileName=default, profileFile=ProfileFile(profiles=[Profile(name=default, properties=[region, aws_access_key_id, aws_secret_access_key]), Profile(name=personal, properties=[aws_access_key_id, aws_secret_access_key]), Profile(name=arln, properties=[aws_access_key_id, aws_secret_access_key])]))
10:31:02.666 [Test worker] DEBUG software.amazon.awssdk.core.interceptor.ExecutionInterceptorChain - Creating an interceptor chain that will apply interceptors in the following order: [software.amazon.awssdk.core.internal.interceptor.HttpChecksumRequiredInterceptor@4a12f8a, software.amazon.awssdk.awscore.interceptor.HelpfulUnknownHostExceptionInterceptor@46772c64, software.amazon.awssdk.services.s3.internal.handlers.EnableChunkedEncodingInterceptor@7aafa627, software.amazon.awssdk.services.s3.internal.handlers.DisableDoubleUrlEncodingInterceptor@55673795, software.amazon.awssdk.services.s3.internal.handlers.EnableTrailingChecksumInterceptor@58378fcc, software.amazon.awssdk.services.s3.internal.handlers.CreateMultipartUploadRequestInterceptor@275c9ca2, software.amazon.awssdk.services.s3.internal.handlers.GetObjectInterceptor@20c598f0, software.amazon.awssdk.services.s3.internal.handlers.AsyncChecksumValidationInterceptor@4cf2d8e2, software.amazon.awssdk.services.s3.internal.handlers.EndpointAddressInterceptor@285f675f, software.amazon.awssdk.services.s3.internal.handlers.ExceptionTranslationInterceptor@6b25577a, software.amazon.awssdk.services.s3.internal.handlers.GetBucketPolicyInterceptor@672b50f6, software.amazon.awssdk.services.s3.internal.handlers.PutObjectInterceptor@3d44b139, software.amazon.awssdk.services.s3.internal.handlers.SyncChecksumValidationInterceptor@6ef25c51, software.amazon.awssdk.services.s3.internal.handlers.DecodeUrlEncodedResponseInterceptor@2fad4872, software.amazon.awssdk.services.s3.internal.handlers.CreateBucketInterceptor@12bc1191]
10:31:02.715 [Test worker] DEBUG software.amazon.awssdk.core.interceptor.ExecutionInterceptorChain - Interceptor 'software.amazon.awssdk.services.s3.internal.handlers.EnableTrailingChecksumInterceptor@58378fcc' modified the message with its modifyHttpRequest method.
10:31:02.728 [Test worker] DEBUG software.amazon.awssdk.core.interceptor.ExecutionInterceptorChain - Interceptor 'software.amazon.awssdk.services.s3.internal.handlers.EndpointAddressInterceptor@285f675f' modified the message with its modifyHttpRequest method.
10:31:02.768 [Test worker] DEBUG software.amazon.awssdk.request - Sending Request: DefaultSdkHttpFullRequest(httpMethod=GET, protocol=https, host=cf-daart-exportfiles-dev.s3.amazonaws.com, port=443, encodedPath=/dhqp-2.ndjson, headers=[amz-sdk-invocation-id, User-Agent, x-amz-te], queryParameters=[])
10:31:02.786 [Test worker] DEBUG software.amazon.awssdk.auth.signer.Aws4Signer - AWS4 String to sign: AWS4-HMAC-SHA256
20210423T143102Z
20210423/us-east-1/s3/aws4_request
84e38b9ba879e41562317613f649fc9f0b47a1f263629fb929794acdf34a5a62
10:31:02.990 [Test worker] DEBUG software.amazon.awssdk.http.apache.internal.conn.SdkTlsSocketFactory - socket.getSupportedProtocols(): [TLSv1.3, TLSv1.2, TLSv1.1, TLSv1, SSLv3, SSLv2Hello], socket.getEnabledProtocols(): [TLSv1.3, TLSv1.2, TLSv1.1, TLSv1]
10:31:02.992 [Test worker] DEBUG software.amazon.awssdk.http.apache.internal.conn.SdkTlsSocketFactory - TLS protocol enabled for SSL handshake: [TLSv1.2, TLSv1.1, TLSv1, TLSv1.3]
10:31:03.207 [Test worker] DEBUG software.amazon.awssdk.http.apache.internal.net.SdkSslSocket - created: cf-daart-exportfiles-dev.s3.amazonaws.com/52.216.105.179:443
10:31:03.475 [Test worker] DEBUG software.amazon.awssdk.request - Received successful response: 200
10:31:03.502 [Test worker] DEBUG software.amazon.awssdk.core.interceptor.ExecutionInterceptorChain - Interceptor 'software.amazon.awssdk.services.s3.internal.handlers.EnableTrailingChecksumInterceptor@58378fcc' modified the message with its modifyResponse method.
 chunk (len: 52428800): new lines: 640  in 37761
 chunk (len: 52428800): new lines: 657  in 39310
 chunk (len: 52428800): new lines: 632  in 36647
 chunk (len: 52428800): new lines: 638  in 34155
 chunk (len: 52428800): new lines: 657  in 31056
 chunk (len: 52428800): new lines: 652  in 30633
 chunk (len: 52428800): new lines: 618  in 40915
 chunk (len: 52428800): new lines: 658  in 48461
 chunk (len: 52428800): new lines: 656  in 36680
 chunk (len: 52428800): new lines: 632  in 40174
 chunk (len: 52428800): new lines: 639  in 29605
 chunk (len: 52428800): new lines: 657  in 30932
 chunk (len: 52428800): new lines: 637  in 37027
 chunk (len: 52428800): new lines: 633  in 35473
 chunk (len: 52428800): new lines: 657  in 38940
 chunk (len: 52428800): new lines: 654  in 3432
 chunk (len: 4471340): new lines: 43  in 18
total time: 9 M 52 S 67 ms
10:40:55.574 [Test worker] DEBUG io.micronaut.context.DefaultBeanContext - Resolving beans for type: io.micronaut.test.context.TestExecutionListener
10:40:55.575 [Test worker] DEBUG io.micronaut.context.DefaultBeanContext - Resolving beans for type: io.micronaut.test.context.TestExecutionListener
10:40:55.582 [Test worker] DEBUG io.micronaut.context.DefaultBeanContext - Resolving beans for type: io.micronaut.test.context.TestExecutionListener
10:40:55.582 [Test worker] DEBUG io.micronaut.context.DefaultBeanContext - Stopping BeanContext
10:40:55.583 [Test worker] DEBUG io.micronaut.context.event.ApplicationEventPublisher - Publishing event: io.micronaut.context.event.ShutdownEvent[source=io.micronaut.context.DefaultApplicationContext@60e0727b]
10:40:55.583 [Test worker] DEBUG io.micronaut.context.DefaultBeanContext - Resolving beans for type: <ShutdownEvent> io.micronaut.context.event.ApplicationEventListener 
10:40:55.583 [Test worker] DEBUG io.micronaut.context.DefaultBeanContext - Qualifying bean [io.micronaut.context.event.ApplicationEventListener] from candidates [Definition: io.micronaut.runtime.http.scope.RequestCustomScope, Definition: io.micronaut.management.health.indicator.service.ServiceReadyHealthIndicator$ApplicationEventListener$onServerStarted2$Intercepted, Definition: io.micronaut.management.health.indicator.service.ServiceReadyHealthIndicator$ApplicationEventListener$onServiceStarted1$Intercepted, Definition: io.micronaut.runtime.context.scope.refresh.RefreshScope] for qualifier: <ShutdownEvent> 
10:40:55.584 [Test worker] DEBUG io.micronaut.context.DefaultBeanContext - Found no matching beans of type [io.micronaut.context.event.ApplicationEventListener] for qualifier: <ShutdownEvent> 
10:40:55.585 [Test worker] DEBUG io.micronaut.context.lifecycle - Destroying bean [io.micronaut.runtime.context.scope.refresh.RefreshScope@740ae63] with identifier [io.micronaut.runtime.context.scope.refresh.RefreshScope]
10:40:55.585 [Test worker] DEBUG io.micronaut.context.lifecycle - Destroying bean [io.micronaut.scheduling.executor.ExecutorFactory@4df2a4be] with identifier [io.micronaut.scheduling.executor.ExecutorFactory]
10:40:55.585 [Test worker] DEBUG io.micronaut.context.lifecycle - Destroying bean [io.micronaut.scheduling.executor.NamedThreadFactory@2afdf5db] with identifier [@Named('io') java.util.concurrent.ThreadFactory]
10:40:55.586 [Test worker] DEBUG io.micronaut.context.lifecycle - Destroying bean [io.micronaut.configuration.metrics.binder.executor.ExecutorServiceMetricsBinder$2@3e0a236d] with identifier [@Named('io') java.util.concurrent.ExecutorService]
10:40:55.586 [Test worker] DEBUG io.micronaut.context.lifecycle - Destroying bean [io.micronaut.http.converters.HttpConverterRegistrar@3221dbe0] with identifier [io.micronaut.http.converters.HttpConverterRegistrar]
10:40:55.587 [Test worker] DEBUG io.micronaut.context.lifecycle - Destroying bean [io.micronaut.jackson.convert.JacksonConverterRegistrar@5095ba91] with identifier [io.micronaut.jackson.convert.JacksonConverterRegistrar]
10:40:55.587 [Test worker] DEBUG io.micronaut.context.lifecycle - Destroying bean [io.micronaut.http.resource.ResourceLoaderFactory@29b3d598] with identifier [io.micronaut.http.resource.ResourceLoaderFactory]
10:40:55.587 [Test worker] DEBUG io.micronaut.context.lifecycle - Destroying bean [io.micronaut.configuration.metrics.binder.system.SystemMeterRegistryBinderFactoryFactory@6a8610d4] with identifier [io.micronaut.configuration.metrics.binder.system.SystemMeterRegistryBinderFactoryFactory]
10:40:55.587 [Test worker] DEBUG io.micronaut.context.lifecycle - Destroying bean [io.micronaut.configuration.metrics.micrometer.MeterRegistryFactory@24709c8a] with identifier [io.micronaut.configuration.metrics.micrometer.MeterRegistryFactory]
10:40:55.587 [Test worker] DEBUG io.micronaut.context.lifecycle - Destroying bean [io.micrometer.core.instrument.binder.logging.LogbackMetrics@73abc8b2] with identifier [io.micrometer.core.instrument.binder.logging.LogbackMetrics]
10:40:55.587 [Test worker] DEBUG io.micronaut.context.lifecycle - Destroying bean [io.micronaut.reactive.rxjava2.RxJava2Instrumentation@2b87bbc6] with identifier [io.micronaut.reactive.rxjava2.RxJava2Instrumentation]
10:40:55.587 [Test worker] DEBUG io.micronaut.context.lifecycle - Destroying bean [io.micronaut.scheduling.executor.IOExecutorServiceConfig@3459e656] with identifier [io.micronaut.scheduling.executor.IOExecutorServiceConfig]
10:40:55.587 [Test worker] DEBUG io.micronaut.context.lifecycle - Destroying bean [io.micronaut.core.io.ResourceResolver@4fcc929b] with identifier [io.micronaut.core.io.ResourceResolver]
10:40:55.587 [Test worker] DEBUG io.micronaut.context.lifecycle - Destroying bean [io.micrometer.core.instrument.binder.system.ProcessorMetrics@54768cc6] with identifier [io.micrometer.core.instrument.binder.system.ProcessorMetrics]
10:40:55.588 [Test worker] DEBUG io.micronaut.context.lifecycle - Destroying bean [io.micronaut.configuration.metrics.aggregator.MicrometerMeterRegistryConfigurer@dc0feac] with identifier [io.micronaut.configuration.metrics.aggregator.MeterRegistryConfigurer]
10:40:55.588 [Test worker] DEBUG io.micronaut.context.lifecycle - Destroying bean [io.micronaut.scheduling.executor.UserExecutorConfiguration@2650d07f] with identifier [@Named('io') io.micronaut.scheduling.executor.ExecutorConfiguration]
10:40:55.588 [Test worker] DEBUG io.micronaut.context.lifecycle - Destroying bean [AWSConfig(
  region='us-east-1', 
  s3=[bucket='test', apiCallTimeoutSeconds='60', apiCallAttemptTimeoutSeconds='20', health=false], 
  sqs=[queueName='null', apiCallTimeoutSeconds='60', apiCallAttemptTimeoutSeconds='20', maxNumberOfMessages='1', waitTimeSeconds='5', health=false]
)] with identifier [gov.cdc.ncezid.cloud.AWSConfig]
10:40:55.589 [Test worker] DEBUG io.micronaut.context.lifecycle - Destroying bean [java.util.concurrent.Executors$DefaultThreadFactory@277b4576] with identifier [java.util.concurrent.ThreadFactory]
10:40:55.589 [Test worker] DEBUG io.micronaut.context.lifecycle - Destroying bean [io.micrometer.core.instrument.binder.jvm.JvmThreadMetrics@29d29948] with identifier [io.micrometer.core.instrument.binder.jvm.JvmThreadMetrics]
10:40:55.589 [Test worker] DEBUG io.micronaut.context.lifecycle - Destroying bean [io.micronaut.core.io.file.DefaultFileSystemResourceLoader@605c6146] with identifier [io.micronaut.core.io.file.FileSystemResourceLoader]
10:40:55.589 [Test worker] DEBUG io.micronaut.context.lifecycle - Destroying bean [io.micronaut.configuration.metrics.binder.jvm.JvmMeterRegistryBinderFactory@5a62864d] with identifier [io.micronaut.configuration.metrics.binder.jvm.JvmMeterRegistryBinderFactory]
10:40:55.589 [Test worker] DEBUG io.micronaut.context.lifecycle - Destroying bean [io.micronaut.scheduling.executor.DefaultThreadFactory@3974f12c] with identifier [io.micronaut.scheduling.executor.DefaultThreadFactory]
10:40:55.589 [Test worker] DEBUG io.micronaut.context.lifecycle - Destroying bean [io.micronaut.context.DefaultApplicationContext$RuntimeConfiguredEnvironment@46f10190] with identifier [io.micronaut.context.DefaultApplicationContext$RuntimeConfiguredEnvironment]
10:40:55.590 [Test worker] DEBUG io.micronaut.context.lifecycle - Destroying bean [io.micronaut.scheduling.instrument.ExecutorServiceInstrumenter@51edad1] with identifier [io.micronaut.scheduling.instrument.ExecutorServiceInstrumenter]
10:40:55.590 [Test worker] DEBUG io.micronaut.context.lifecycle - Destroying bean [io.micronaut.configuration.metrics.binder.logging.LogbackMeterRegistryBinderFactory@a1b7653] with identifier [io.micronaut.configuration.metrics.binder.logging.LogbackMeterRegistryBinderFactory]
10:40:55.590 [Test worker] DEBUG io.micronaut.context.lifecycle - Destroying bean [io.micrometer.core.instrument.binder.jvm.ClassLoaderMetrics@15b0196e] with identifier [io.micrometer.core.instrument.binder.jvm.ClassLoaderMetrics]
10:40:55.590 [Test worker] DEBUG io.micronaut.context.lifecycle - Destroying bean [io.micronaut.reactive.rxjava2.converters.RxJavaConverterRegistrar@79d38d10] with identifier [io.micronaut.reactive.rxjava2.converters.RxJavaConverterRegistrar]
10:40:55.590 [Test worker] DEBUG io.micronaut.context.lifecycle - Destroying bean [io.micrometer.core.instrument.composite.CompositeMeterRegistry@4af2968] with identifier [io.micrometer.core.instrument.composite.CompositeMeterRegistry]
10:40:55.590 [Test worker] DEBUG io.micronaut.context.lifecycle - Destroying bean [io.micronaut.runtime.converters.time.TimeConverterRegistrar@12885408] with identifier [io.micronaut.runtime.converters.time.TimeConverterRegistrar]
10:40:55.590 [Test worker] DEBUG io.micronaut.context.lifecycle - Destroying bean [compositeDiscoveryClient()] with identifier [io.micronaut.discovery.DefaultCompositeDiscoveryClient]
10:40:55.590 [Test worker] DEBUG io.micronaut.context.lifecycle - Destroying bean [io.micrometer.core.instrument.binder.system.UptimeMetrics@7c5adf26] with identifier [io.micrometer.core.instrument.binder.system.UptimeMetrics]
10:40:55.590 [Test worker] DEBUG io.micronaut.context.lifecycle - Destroying bean [io.micronaut.reactive.rxjava2.RxInstrumenterFactory@5cc7373b] with identifier [io.micronaut.reactive.rxjava2.RxInstrumenterFactory]
10:40:55.590 [Test worker] DEBUG io.micronaut.context.lifecycle - Destroying bean [io.micronaut.configuration.metrics.binder.executor.ExecutorServiceMetricsBinder@1a20b614] with identifier [io.micronaut.configuration.metrics.binder.executor.ExecutorServiceMetricsBinder]
10:40:55.590 [Test worker] DEBUG io.micronaut.context.lifecycle - Destroying bean [io.micronaut.core.io.scan.DefaultClassPathResourceLoader@47d32f48] with identifier [io.micronaut.core.io.scan.ClassPathResourceLoader]
10:40:55.590 [Test worker] DEBUG io.micronaut.context.lifecycle - Destroying bean [io.micrometer.core.instrument.binder.system.FileDescriptorMetrics@c93b2b9] with identifier [io.micrometer.core.instrument.binder.system.FileDescriptorMetrics]
10:40:55.591 [Test worker] DEBUG io.micronaut.context.lifecycle - Destroying bean [io.micrometer.core.instrument.binder.jvm.JvmMemoryMetrics@76083d87] with identifier [io.micrometer.core.instrument.binder.jvm.JvmMemoryMetrics]
10:40:55.591 [Test worker] DEBUG io.micronaut.context.lifecycle - Destroying bean [io.micrometer.core.instrument.binder.jvm.JvmGcMetrics@70673356] with identifier [io.micrometer.core.instrument.binder.jvm.JvmGcMetrics]
]]></system-out>
  <system-err><![CDATA[]]></system-err>
</testsuite>
